running egg_info
creating ../../build/pubsub_py/pubsub_py.egg-info
writing ../../build/pubsub_py/pubsub_py.egg-info/PKG-INFO
writing dependency_links to ../../build/pubsub_py/pubsub_py.egg-info/dependency_links.txt
writing requirements to ../../build/pubsub_py/pubsub_py.egg-info/requires.txt
writing top-level names to ../../build/pubsub_py/pubsub_py.egg-info/top_level.txt
writing manifest file '../../build/pubsub_py/pubsub_py.egg-info/SOURCES.txt'
reading manifest file '../../build/pubsub_py/pubsub_py.egg-info/SOURCES.txt'
writing manifest file '../../build/pubsub_py/pubsub_py.egg-info/SOURCES.txt'
running build
running build_py
creating /home/cameron/ros2_ws/build/pubsub_py/build
creating /home/cameron/ros2_ws/build/pubsub_py/build/lib
creating /home/cameron/ros2_ws/build/pubsub_py/build/lib/pubsub_py
copying pubsub_py/publisher.py -> /home/cameron/ros2_ws/build/pubsub_py/build/lib/pubsub_py
copying pubsub_py/__init__.py -> /home/cameron/ros2_ws/build/pubsub_py/build/lib/pubsub_py
running install
running install_lib
creating /home/cameron/ros2_ws/install/pubsub_py/lib/python3.12/site-packages/pubsub_py
copying /home/cameron/ros2_ws/build/pubsub_py/build/lib/pubsub_py/publisher.py -> /home/cameron/ros2_ws/install/pubsub_py/lib/python3.12/site-packages/pubsub_py
copying /home/cameron/ros2_ws/build/pubsub_py/build/lib/pubsub_py/__init__.py -> /home/cameron/ros2_ws/install/pubsub_py/lib/python3.12/site-packages/pubsub_py
byte-compiling /home/cameron/ros2_ws/install/pubsub_py/lib/python3.12/site-packages/pubsub_py/publisher.py to publisher.cpython-312.pyc
byte-compiling /home/cameron/ros2_ws/install/pubsub_py/lib/python3.12/site-packages/pubsub_py/__init__.py to __init__.cpython-312.pyc
running install_data
creating /home/cameron/ros2_ws/install/pubsub_py/share/ament_index
creating /home/cameron/ros2_ws/install/pubsub_py/share/ament_index/resource_index
creating /home/cameron/ros2_ws/install/pubsub_py/share/ament_index/resource_index/packages
copying resource/pubsub_py -> /home/cameron/ros2_ws/install/pubsub_py/share/ament_index/resource_index/packages
copying package.xml -> /home/cameron/ros2_ws/install/pubsub_py/share/pubsub_py
running install_egg_info
Copying ../../build/pubsub_py/pubsub_py.egg-info to /home/cameron/ros2_ws/install/pubsub_py/lib/python3.12/site-packages/pubsub_py-0.0.0-py3.12.egg-info
running install_scripts
writing list of installed files to '/home/cameron/ros2_ws/build/pubsub_py/install.log'
