[2.442s] Invoking command in '/home/cameron/ros2_ws/src/pubsub_py': PYTHONPATH=/home/cameron/ros2_ws/build/pubsub_py/prefix_override:/usr/lib/python3/dist-packages/colcon_core/task/python/colcon_distutils_commands:/home/cameron/ros2_ws/install/pubsub_py/lib/python3.12/site-packages:${PYTHONPATH} /usr/bin/python3 -W ignore:setup.py install is deprecated -W ignore:easy_install command is deprecated setup.py egg_info --egg-base ../../build/pubsub_py build --build-base /home/cameron/ros2_ws/build/pubsub_py/build install --record /home/cameron/ros2_ws/build/pubsub_py/install.log --single-version-externally-managed install_data
[3.204s] running egg_info
[3.206s] creating ../../build/pubsub_py/pubsub_py.egg-info
[3.277s] writing ../../build/pubsub_py/pubsub_py.egg-info/PKG-INFO
[3.277s] writing dependency_links to ../../build/pubsub_py/pubsub_py.egg-info/dependency_links.txt
[3.277s] writing requirements to ../../build/pubsub_py/pubsub_py.egg-info/requires.txt
[3.277s] writing top-level names to ../../build/pubsub_py/pubsub_py.egg-info/top_level.txt
[3.278s] writing manifest file '../../build/pubsub_py/pubsub_py.egg-info/SOURCES.txt'
[3.417s] reading manifest file '../../build/pubsub_py/pubsub_py.egg-info/SOURCES.txt'
[3.418s] writing manifest file '../../build/pubsub_py/pubsub_py.egg-info/SOURCES.txt'
[3.419s] running build
[3.419s] running build_py
[3.419s] creating /home/cameron/ros2_ws/build/pubsub_py/build
[3.419s] creating /home/cameron/ros2_ws/build/pubsub_py/build/lib
[3.419s] creating /home/cameron/ros2_ws/build/pubsub_py/build/lib/pubsub_py
[3.420s] copying pubsub_py/publisher.py -> /home/cameron/ros2_ws/build/pubsub_py/build/lib/pubsub_py
[3.420s] copying pubsub_py/__init__.py -> /home/cameron/ros2_ws/build/pubsub_py/build/lib/pubsub_py
[3.420s] running install
[3.431s] running install_lib
[3.477s] creating /home/cameron/ros2_ws/install/pubsub_py/lib/python3.12/site-packages/pubsub_py
[3.477s] copying /home/cameron/ros2_ws/build/pubsub_py/build/lib/pubsub_py/publisher.py -> /home/cameron/ros2_ws/install/pubsub_py/lib/python3.12/site-packages/pubsub_py
[3.477s] copying /home/cameron/ros2_ws/build/pubsub_py/build/lib/pubsub_py/__init__.py -> /home/cameron/ros2_ws/install/pubsub_py/lib/python3.12/site-packages/pubsub_py
[3.478s] byte-compiling /home/cameron/ros2_ws/install/pubsub_py/lib/python3.12/site-packages/pubsub_py/publisher.py to publisher.cpython-312.pyc
[3.479s] byte-compiling /home/cameron/ros2_ws/install/pubsub_py/lib/python3.12/site-packages/pubsub_py/__init__.py to __init__.cpython-312.pyc
[3.479s] running install_data
[3.479s] creating /home/cameron/ros2_ws/install/pubsub_py/share/ament_index
[3.479s] creating /home/cameron/ros2_ws/install/pubsub_py/share/ament_index/resource_index
[3.479s] creating /home/cameron/ros2_ws/install/pubsub_py/share/ament_index/resource_index/packages
[3.480s] copying resource/pubsub_py -> /home/cameron/ros2_ws/install/pubsub_py/share/ament_index/resource_index/packages
[3.480s] copying package.xml -> /home/cameron/ros2_ws/install/pubsub_py/share/pubsub_py
[3.480s] running install_egg_info
[3.531s] Copying ../../build/pubsub_py/pubsub_py.egg-info to /home/cameron/ros2_ws/install/pubsub_py/lib/python3.12/site-packages/pubsub_py-0.0.0-py3.12.egg-info
[3.532s] running install_scripts
[3.840s] writing list of installed files to '/home/cameron/ros2_ws/build/pubsub_py/install.log'
