[1.914s] Invoking command in '/home/cameron/ros2_ws/src/build/pubsub_py': PYTHONPATH=/home/cameron/ros2_ws/src/build/pubsub_py/prefix_override:/usr/lib/python3/dist-packages/colcon_core/task/python/colcon_distutils_commands:/home/cameron/ros2_ws/src/install/pubsub_py/lib/python3.12/site-packages:${PYTHONPATH} /usr/bin/python3 -W ignore:setup.py install is deprecated -W ignore:easy_install command is deprecated setup.py develop --editable --build-directory /home/cameron/ros2_ws/src/build/pubsub_py/build --no-deps symlink_data
[2.624s] running develop
[3.085s] running egg_info
[3.086s] creating pubsub_py.egg-info
[3.136s] writing pubsub_py.egg-info/PKG-INFO
[3.136s] writing dependency_links to pubsub_py.egg-info/dependency_links.txt
[3.136s] writing requirements to pubsub_py.egg-info/requires.txt
[3.137s] writing top-level names to pubsub_py.egg-info/top_level.txt
[3.137s] writing manifest file 'pubsub_py.egg-info/SOURCES.txt'
[3.230s] reading manifest file 'pubsub_py.egg-info/SOURCES.txt'
[3.231s] writing manifest file 'pubsub_py.egg-info/SOURCES.txt'
[3.278s] running build_ext
[3.279s] Creating /home/cameron/ros2_ws/src/install/pubsub_py/lib/python3.12/site-packages/pubsub-py.egg-link (link to .)
[3.279s] 
[3.280s] Installed /home/cameron/ros2_ws/src/build/pubsub_py
[3.280s] running symlink_data
[3.280s] creating /home/cameron/ros2_ws/src/install/pubsub_py/share/ament_index
[3.280s] creating /home/cameron/ros2_ws/src/install/pubsub_py/share/ament_index/resource_index
[3.280s] creating /home/cameron/ros2_ws/src/install/pubsub_py/share/ament_index/resource_index/packages
[3.280s] symbolically linking /home/cameron/ros2_ws/src/build/pubsub_py/resource/pubsub_py -> /home/cameron/ros2_ws/src/install/pubsub_py/share/ament_index/resource_index/packages
[3.280s] symbolically linking /home/cameron/ros2_ws/src/build/pubsub_py/package.xml -> /home/cameron/ros2_ws/src/install/pubsub_py/share/pubsub_py
[3.362s] Invoked command in '/home/cameron/ros2_ws/src/build/pubsub_py' returned '0': PYTHONPATH=/home/cameron/ros2_ws/src/build/pubsub_py/prefix_override:/usr/lib/python3/dist-packages/colcon_core/task/python/colcon_distutils_commands:/home/cameron/ros2_ws/src/install/pubsub_py/lib/python3.12/site-packages:${PYTHONPATH} /usr/bin/python3 -W ignore:setup.py install is deprecated -W ignore:easy_install command is deprecated setup.py develop --editable --build-directory /home/cameron/ros2_ws/src/build/pubsub_py/build --no-deps symlink_data
