-- Found ament_cmake: 2.5.4 (/opt/ros/jazzy/share/ament_cmake/cmake)
-- Found rclcpp: 28.1.12 (/opt/ros/jazzy/share/rclcpp/cmake)
-- Found rosidl_generator_c: 4.6.6 (/opt/ros/jazzy/share/rosidl_generator_c/cmake)
-- Found rosidl_generator_cpp: 4.6.6 (/opt/ros/jazzy/share/rosidl_generator_cpp/cmake)
-- Using all available rosidl_typesupport_c: rosidl_typesupport_fastrtps_c;rosidl_typesupport_introspection_c
-- Using all available rosidl_typesupport_cpp: rosidl_typesupport_fastrtps_cpp;rosidl_typesupport_introspection_cpp
-- Found rmw_implementation_cmake: 7.3.2 (/opt/ros/jazzy/share/rmw_implementation_cmake/cmake)
-- Found rmw_fastrtps_cpp: 8.4.3 (/opt/ros/jazzy/share/rmw_fastrtps_cpp/cmake)
-- Using RMW implementation 'rmw_fastrtps_cpp' as default
-- Found std_msgs: 5.3.6 (/opt/ros/jazzy/share/std_msgs/cmake)
-- Found ament_lint_auto: 0.17.3 (/opt/ros/jazzy/share/ament_lint_auto/cmake)
-- Added test 'cppcheck' to perform static code analysis on C / C++ code
-- Configured cppcheck include dirs: 
-- Configured cppcheck exclude dirs and/or files: 
-- Added test 'lint_cmake' to check CMake code style
-- Added test 'uncrustify' to check C / C++ code style
-- Configured uncrustify additional arguments: 
-- Added test 'xmllint' to check XML markup files
-- Configuring done (1.4s)
-- Generating done (0.0s)
-- Build files have been written to: /home/cameron/ros2_ws/build/pubsub
[ 50%] [32mBuilding CXX object CMakeFiles/node.dir/src/node.cpp.o[0m
[100%] [32m[1mLinking CXX executable node[0m
[100%] Built target node
-- Install configuration: ""
-- Installing: /home/cameron/ros2_ws/install/pubsub/lib/pubsub/node
-- Set non-toolchain portion of runtime path of "/home/cameron/ros2_ws/install/pubsub/lib/pubsub/node" to ""
-- Installing: /home/cameron/ros2_ws/install/pubsub/share/ament_index/resource_index/package_run_dependencies/pubsub
-- Installing: /home/cameron/ros2_ws/install/pubsub/share/ament_index/resource_index/parent_prefix_path/pubsub
-- Installing: /home/cameron/ros2_ws/install/pubsub/share/pubsub/environment/ament_prefix_path.sh
-- Installing: /home/cameron/ros2_ws/install/pubsub/share/pubsub/environment/ament_prefix_path.dsv
-- Installing: /home/cameron/ros2_ws/install/pubsub/share/pubsub/environment/path.sh
-- Installing: /home/cameron/ros2_ws/install/pubsub/share/pubsub/environment/path.dsv
-- Installing: /home/cameron/ros2_ws/install/pubsub/share/pubsub/local_setup.bash
-- Installing: /home/cameron/ros2_ws/install/pubsub/share/pubsub/local_setup.sh
-- Installing: /home/cameron/ros2_ws/install/pubsub/share/pubsub/local_setup.zsh
-- Installing: /home/cameron/ros2_ws/install/pubsub/share/pubsub/local_setup.dsv
-- Installing: /home/cameron/ros2_ws/install/pubsub/share/pubsub/package.dsv
-- Installing: /home/cameron/ros2_ws/install/pubsub/share/ament_index/resource_index/packages/pubsub
-- Installing: /home/cameron/ros2_ws/install/pubsub/share/pubsub/cmake/pubsubConfig.cmake
-- Installing: /home/cameron/ros2_ws/install/pubsub/share/pubsub/cmake/pubsubConfig-version.cmake
-- Installing: /home/cameron/ros2_ws/install/pubsub/share/pubsub/package.xml
