[0.038s] Invoking command in '/home/cameron/ros2_ws/build/pubsub': CMAKE_PREFIX_PATH=${CMAKE_PREFIX_PATH}:/home/cameron/ros2_ws/install/pubsub_py:/home/cameron/ros2_ws/install/my_py_pubsub:/opt/ros/jazzy /usr/bin/cmake /home/cameron/ros2_ws/src/pubsub -DCMAKE_INSTALL_PREFIX=/home/cameron/ros2_ws/install/pubsub
[0.071s] -- Found ament_cmake: 2.5.4 (/opt/ros/jazzy/share/ament_cmake/cmake)
[0.562s] -- Found rclcpp: 28.1.12 (/opt/ros/jazzy/share/rclcpp/cmake)
[0.646s] -- Found rosidl_generator_c: 4.6.6 (/opt/ros/jazzy/share/rosidl_generator_c/cmake)
[0.672s] -- Found rosidl_generator_cpp: 4.6.6 (/opt/ros/jazzy/share/rosidl_generator_cpp/cmake)
[0.701s] -- Using all available rosidl_typesupport_c: rosidl_typesupport_fastrtps_c;rosidl_typesupport_introspection_c
[0.736s] -- Using all available rosidl_typesupport_cpp: rosidl_typesupport_fastrtps_cpp;rosidl_typesupport_introspection_cpp
[0.892s] -- Found rmw_implementation_cmake: 7.3.2 (/opt/ros/jazzy/share/rmw_implementation_cmake/cmake)
[0.895s] -- Found rmw_fastrtps_cpp: 8.4.3 (/opt/ros/jazzy/share/rmw_fastrtps_cpp/cmake)
[1.050s] -- Using RMW implementation 'rmw_fastrtps_cpp' as default
[1.216s] -- Found std_msgs: 5.3.6 (/opt/ros/jazzy/share/std_msgs/cmake)
[1.251s] -- Found ament_lint_auto: 0.17.3 (/opt/ros/jazzy/share/ament_lint_auto/cmake)
[1.473s] -- Added test 'cppcheck' to perform static code analysis on C / C++ code
[1.473s] -- Configured cppcheck include dirs: 
[1.473s] -- Configured cppcheck exclude dirs and/or files: 
[1.475s] -- Added test 'lint_cmake' to check CMake code style
[1.478s] -- Added test 'uncrustify' to check C / C++ code style
[1.478s] -- Configured uncrustify additional arguments: 
[1.480s] -- Added test 'xmllint' to check XML markup files
[1.484s] -- Configuring done (1.4s)
[1.507s] -- Generating done (0.0s)
[1.514s] -- Build files have been written to: /home/cameron/ros2_ws/build/pubsub
[1.534s] Invoked command in '/home/cameron/ros2_ws/build/pubsub' returned '0': CMAKE_PREFIX_PATH=${CMAKE_PREFIX_PATH}:/home/cameron/ros2_ws/install/pubsub_py:/home/cameron/ros2_ws/install/my_py_pubsub:/opt/ros/jazzy /usr/bin/cmake /home/cameron/ros2_ws/src/pubsub -DCMAKE_INSTALL_PREFIX=/home/cameron/ros2_ws/install/pubsub
[1.537s] Invoking command in '/home/cameron/ros2_ws/build/pubsub': CMAKE_PREFIX_PATH=${CMAKE_PREFIX_PATH}:/home/cameron/ros2_ws/install/pubsub_py:/home/cameron/ros2_ws/install/my_py_pubsub:/opt/ros/jazzy /usr/bin/cmake --build /home/cameron/ros2_ws/build/pubsub -- -j4 -l4
[1.666s] [ 50%] [32mBuilding CXX object CMakeFiles/node.dir/src/node.cpp.o[0m
[9.963s] [100%] [32m[1mLinking CXX executable node[0m
[10.315s] [100%] Built target node
[10.334s] Invoked command in '/home/cameron/ros2_ws/build/pubsub' returned '0': CMAKE_PREFIX_PATH=${CMAKE_PREFIX_PATH}:/home/cameron/ros2_ws/install/pubsub_py:/home/cameron/ros2_ws/install/my_py_pubsub:/opt/ros/jazzy /usr/bin/cmake --build /home/cameron/ros2_ws/build/pubsub -- -j4 -l4
[10.354s] Invoking command in '/home/cameron/ros2_ws/build/pubsub': CMAKE_PREFIX_PATH=${CMAKE_PREFIX_PATH}:/home/cameron/ros2_ws/install/pubsub_py:/home/cameron/ros2_ws/install/my_py_pubsub:/opt/ros/jazzy /usr/bin/cmake --install /home/cameron/ros2_ws/build/pubsub
[10.371s] -- Install configuration: ""
[10.372s] -- Installing: /home/cameron/ros2_ws/install/pubsub/lib/pubsub/node
[10.374s] -- Set non-toolchain portion of runtime path of "/home/cameron/ros2_ws/install/pubsub/lib/pubsub/node" to ""
[10.374s] -- Installing: /home/cameron/ros2_ws/install/pubsub/share/ament_index/resource_index/package_run_dependencies/pubsub
[10.375s] -- Installing: /home/cameron/ros2_ws/install/pubsub/share/ament_index/resource_index/parent_prefix_path/pubsub
[10.375s] -- Installing: /home/cameron/ros2_ws/install/pubsub/share/pubsub/environment/ament_prefix_path.sh
[10.375s] -- Installing: /home/cameron/ros2_ws/install/pubsub/share/pubsub/environment/ament_prefix_path.dsv
[10.376s] -- Installing: /home/cameron/ros2_ws/install/pubsub/share/pubsub/environment/path.sh
[10.376s] -- Installing: /home/cameron/ros2_ws/install/pubsub/share/pubsub/environment/path.dsv
[10.376s] -- Installing: /home/cameron/ros2_ws/install/pubsub/share/pubsub/local_setup.bash
[10.376s] -- Installing: /home/cameron/ros2_ws/install/pubsub/share/pubsub/local_setup.sh
[10.377s] -- Installing: /home/cameron/ros2_ws/install/pubsub/share/pubsub/local_setup.zsh
[10.377s] -- Installing: /home/cameron/ros2_ws/install/pubsub/share/pubsub/local_setup.dsv
[10.377s] -- Installing: /home/cameron/ros2_ws/install/pubsub/share/pubsub/package.dsv
[10.377s] -- Installing: /home/cameron/ros2_ws/install/pubsub/share/ament_index/resource_index/packages/pubsub
[10.378s] -- Installing: /home/cameron/ros2_ws/install/pubsub/share/pubsub/cmake/pubsubConfig.cmake
[10.378s] -- Installing: /home/cameron/ros2_ws/install/pubsub/share/pubsub/cmake/pubsubConfig-version.cmake
[10.378s] -- Installing: /home/cameron/ros2_ws/install/pubsub/share/pubsub/package.xml
[10.383s] Invoked command in '/home/cameron/ros2_ws/build/pubsub' returned '0': CMAKE_PREFIX_PATH=${CMAKE_PREFIX_PATH}:/home/cameron/ros2_ws/install/pubsub_py:/home/cameron/ros2_ws/install/my_py_pubsub:/opt/ros/jazzy /usr/bin/cmake --install /home/cameron/ros2_ws/build/pubsub
