running egg_info
creating ../build/my_py_pubsub/my_py_pubsub.egg-info
writing ../build/my_py_pubsub/my_py_pubsub.egg-info/PKG-INFO
writing dependency_links to ../build/my_py_pubsub/my_py_pubsub.egg-info/dependency_links.txt
writing requirements to ../build/my_py_pubsub/my_py_pubsub.egg-info/requires.txt
writing top-level names to ../build/my_py_pubsub/my_py_pubsub.egg-info/top_level.txt
writing manifest file '../build/my_py_pubsub/my_py_pubsub.egg-info/SOURCES.txt'
reading manifest file '../build/my_py_pubsub/my_py_pubsub.egg-info/SOURCES.txt'
writing manifest file '../build/my_py_pubsub/my_py_pubsub.egg-info/SOURCES.txt'
running build
running build_py
creating /home/cameron/ros2_ws/src/build/my_py_pubsub/build
creating /home/cameron/ros2_ws/src/build/my_py_pubsub/build/lib
creating /home/cameron/ros2_ws/src/build/my_py_pubsub/build/lib/my_py_pubsub
copying my_py_pubsub/subscriber_member_function.py -> /home/cameron/ros2_ws/src/build/my_py_pubsub/build/lib/my_py_pubsub
copying my_py_pubsub/__init__.py -> /home/cameron/ros2_ws/src/build/my_py_pubsub/build/lib/my_py_pubsub
copying my_py_pubsub/publisher_member_function.py -> /home/cameron/ros2_ws/src/build/my_py_pubsub/build/lib/my_py_pubsub
running install
running install_lib
creating /home/cameron/ros2_ws/src/install/my_py_pubsub/lib/python3.12/site-packages/my_py_pubsub
copying /home/cameron/ros2_ws/src/build/my_py_pubsub/build/lib/my_py_pubsub/subscriber_member_function.py -> /home/cameron/ros2_ws/src/install/my_py_pubsub/lib/python3.12/site-packages/my_py_pubsub
copying /home/cameron/ros2_ws/src/build/my_py_pubsub/build/lib/my_py_pubsub/__init__.py -> /home/cameron/ros2_ws/src/install/my_py_pubsub/lib/python3.12/site-packages/my_py_pubsub
copying /home/cameron/ros2_ws/src/build/my_py_pubsub/build/lib/my_py_pubsub/publisher_member_function.py -> /home/cameron/ros2_ws/src/install/my_py_pubsub/lib/python3.12/site-packages/my_py_pubsub
byte-compiling /home/cameron/ros2_ws/src/install/my_py_pubsub/lib/python3.12/site-packages/my_py_pubsub/subscriber_member_function.py to subscriber_member_function.cpython-312.pyc
byte-compiling /home/cameron/ros2_ws/src/install/my_py_pubsub/lib/python3.12/site-packages/my_py_pubsub/__init__.py to __init__.cpython-312.pyc
byte-compiling /home/cameron/ros2_ws/src/install/my_py_pubsub/lib/python3.12/site-packages/my_py_pubsub/publisher_member_function.py to publisher_member_function.cpython-312.pyc
running install_data
creating /home/cameron/ros2_ws/src/install/my_py_pubsub/share/ament_index
creating /home/cameron/ros2_ws/src/install/my_py_pubsub/share/ament_index/resource_index
creating /home/cameron/ros2_ws/src/install/my_py_pubsub/share/ament_index/resource_index/packages
copying resource/my_py_pubsub -> /home/cameron/ros2_ws/src/install/my_py_pubsub/share/ament_index/resource_index/packages
copying package.xml -> /home/cameron/ros2_ws/src/install/my_py_pubsub/share/my_py_pubsub
running install_egg_info
Copying ../build/my_py_pubsub/my_py_pubsub.egg-info to /home/cameron/ros2_ws/src/install/my_py_pubsub/lib/python3.12/site-packages/my_py_pubsub-0.0.0-py3.12.egg-info
running install_scripts
writing list of installed files to '/home/cameron/ros2_ws/src/build/my_py_pubsub/install.log'
