[1.789s] Invoking command in '/home/cameron/ros2_ws/src/my_py_pubsub': PYTHONPATH=/home/cameron/ros2_ws/src/build/my_py_pubsub/prefix_override:/usr/lib/python3/dist-packages/colcon_core/task/python/colcon_distutils_commands:/home/cameron/ros2_ws/src/install/my_py_pubsub/lib/python3.12/site-packages:${PYTHONPATH} /usr/bin/python3 -W ignore:setup.py install is deprecated -W ignore:easy_install command is deprecated setup.py egg_info --egg-base ../build/my_py_pubsub build --build-base /home/cameron/ros2_ws/src/build/my_py_pubsub/build install --record /home/cameron/ros2_ws/src/build/my_py_pubsub/install.log --single-version-externally-managed install_data
[2.374s] running egg_info
[2.374s] creating ../build/my_py_pubsub/my_py_pubsub.egg-info
[2.421s] writing ../build/my_py_pubsub/my_py_pubsub.egg-info/PKG-INFO
[2.421s] writing dependency_links to ../build/my_py_pubsub/my_py_pubsub.egg-info/dependency_links.txt
[2.421s] writing requirements to ../build/my_py_pubsub/my_py_pubsub.egg-info/requires.txt
[2.422s] writing top-level names to ../build/my_py_pubsub/my_py_pubsub.egg-info/top_level.txt
[2.422s] writing manifest file '../build/my_py_pubsub/my_py_pubsub.egg-info/SOURCES.txt'
[2.514s] reading manifest file '../build/my_py_pubsub/my_py_pubsub.egg-info/SOURCES.txt'
[2.515s] writing manifest file '../build/my_py_pubsub/my_py_pubsub.egg-info/SOURCES.txt'
[2.515s] running build
[2.515s] running build_py
[2.516s] creating /home/cameron/ros2_ws/src/build/my_py_pubsub/build
[2.516s] creating /home/cameron/ros2_ws/src/build/my_py_pubsub/build/lib
[2.516s] creating /home/cameron/ros2_ws/src/build/my_py_pubsub/build/lib/my_py_pubsub
[2.517s] copying my_py_pubsub/subscriber_member_function.py -> /home/cameron/ros2_ws/src/build/my_py_pubsub/build/lib/my_py_pubsub
[2.518s] copying my_py_pubsub/__init__.py -> /home/cameron/ros2_ws/src/build/my_py_pubsub/build/lib/my_py_pubsub
[2.518s] copying my_py_pubsub/publisher_member_function.py -> /home/cameron/ros2_ws/src/build/my_py_pubsub/build/lib/my_py_pubsub
[2.518s] running install
[2.529s] running install_lib
[2.576s] creating /home/cameron/ros2_ws/src/install/my_py_pubsub/lib/python3.12/site-packages/my_py_pubsub
[2.576s] copying /home/cameron/ros2_ws/src/build/my_py_pubsub/build/lib/my_py_pubsub/subscriber_member_function.py -> /home/cameron/ros2_ws/src/install/my_py_pubsub/lib/python3.12/site-packages/my_py_pubsub
[2.577s] copying /home/cameron/ros2_ws/src/build/my_py_pubsub/build/lib/my_py_pubsub/__init__.py -> /home/cameron/ros2_ws/src/install/my_py_pubsub/lib/python3.12/site-packages/my_py_pubsub
[2.577s] copying /home/cameron/ros2_ws/src/build/my_py_pubsub/build/lib/my_py_pubsub/publisher_member_function.py -> /home/cameron/ros2_ws/src/install/my_py_pubsub/lib/python3.12/site-packages/my_py_pubsub
[2.578s] byte-compiling /home/cameron/ros2_ws/src/install/my_py_pubsub/lib/python3.12/site-packages/my_py_pubsub/subscriber_member_function.py to subscriber_member_function.cpython-312.pyc
[2.579s] byte-compiling /home/cameron/ros2_ws/src/install/my_py_pubsub/lib/python3.12/site-packages/my_py_pubsub/__init__.py to __init__.cpython-312.pyc
[2.579s] byte-compiling /home/cameron/ros2_ws/src/install/my_py_pubsub/lib/python3.12/site-packages/my_py_pubsub/publisher_member_function.py to publisher_member_function.cpython-312.pyc
[2.580s] running install_data
[2.580s] creating /home/cameron/ros2_ws/src/install/my_py_pubsub/share/ament_index
[2.581s] creating /home/cameron/ros2_ws/src/install/my_py_pubsub/share/ament_index/resource_index
[2.581s] creating /home/cameron/ros2_ws/src/install/my_py_pubsub/share/ament_index/resource_index/packages
[2.581s] copying resource/my_py_pubsub -> /home/cameron/ros2_ws/src/install/my_py_pubsub/share/ament_index/resource_index/packages
[2.581s] copying package.xml -> /home/cameron/ros2_ws/src/install/my_py_pubsub/share/my_py_pubsub
[2.581s] running install_egg_info
[2.633s] Copying ../build/my_py_pubsub/my_py_pubsub.egg-info to /home/cameron/ros2_ws/src/install/my_py_pubsub/lib/python3.12/site-packages/my_py_pubsub-0.0.0-py3.12.egg-info
[2.634s] running install_scripts
[2.941s] writing list of installed files to '/home/cameron/ros2_ws/src/build/my_py_pubsub/install.log'
[3.002s] Invoked command in '/home/cameron/ros2_ws/src/my_py_pubsub' returned '0': PYTHONPATH=/home/cameron/ros2_ws/src/build/my_py_pubsub/prefix_override:/usr/lib/python3/dist-packages/colcon_core/task/python/colcon_distutils_commands:/home/cameron/ros2_ws/src/install/my_py_pubsub/lib/python3.12/site-packages:${PYTHONPATH} /usr/bin/python3 -W ignore:setup.py install is deprecated -W ignore:easy_install command is deprecated setup.py egg_info --egg-base ../build/my_py_pubsub build --build-base /home/cameron/ros2_ws/src/build/my_py_pubsub/build install --record /home/cameron/ros2_ws/src/build/my_py_pubsub/install.log --single-version-externally-managed install_data
