[0.177s] DEBUG:colcon:Command line arguments: ['/usr/bin/colcon', 'build']
[0.177s] DEBUG:colcon:Parsed command line arguments: Namespace(log_base=None, log_level=None, verb_name='build', build_base='build', install_base='install', merge_install=False, symlink_install=False, test_result_base=None, continue_on_error=False, executor='parallel', parallel_workers=4, event_handlers=None, ignore_user_meta=False, metas=['./colcon.meta'], base_paths=['.'], packages_ignore=None, packages_ignore_regex=None, paths=None, packages_up_to=None, packages_up_to_regex=None, packages_above=None, packages_above_and_dependencies=None, packages_above_depth=None, packages_select_by_dep=None, packages_skip_by_dep=None, packages_skip_up_to=None, packages_select_build_failed=False, packages_skip_build_finished=False, packages_select_test_failures=False, packages_skip_test_passed=False, packages_select=None, packages_skip=None, packages_select_regex=None, packages_skip_regex=None, packages_start=None, packages_end=None, cmake_args=None, cmake_target=None, cmake_target_skip_unavailable=False, cmake_clean_cache=False, cmake_clean_first=False, cmake_force_configure=False, ament_cmake_args=None, catkin_cmake_args=None, catkin_skip_building_tests=False, verb_parser=<colcon_defaults.argument_parser.defaults.DefaultArgumentsDecorator object at 0x752d80572780>, verb_extension=<colcon_core.verb.build.BuildVerb object at 0x752d80572600>, main=<bound method BuildVerb.main of <colcon_core.verb.build.BuildVerb object at 0x752d80572600>>)
[0.236s] Level 1:colcon.colcon_core.package_discovery:discover_packages(colcon_meta) check parameters
[0.236s] Level 1:colcon.colcon_core.package_discovery:discover_packages(recursive) check parameters
[0.236s] Level 1:colcon.colcon_core.package_discovery:discover_packages(ignore) check parameters
[0.236s] Level 1:colcon.colcon_core.package_discovery:discover_packages(path) check parameters
[0.237s] Level 1:colcon.colcon_core.package_discovery:discover_packages(colcon_meta) discover
[0.237s] Level 1:colcon.colcon_core.package_discovery:discover_packages(recursive) discover
[0.237s] INFO:colcon.colcon_core.package_discovery:Crawling recursively for packages in '/home/cameron/ros2_ws/src'
[0.237s] Level 1:colcon.colcon_core.package_identification:_identify(.) by extensions ['ignore', 'ignore_ament_install']
[0.237s] Level 1:colcon.colcon_core.package_identification:_identify(.) by extension 'ignore'
[0.237s] Level 1:colcon.colcon_core.package_identification:_identify(.) by extension 'ignore_ament_install'
[0.237s] Level 1:colcon.colcon_core.package_identification:_identify(.) by extensions ['colcon_pkg']
[0.237s] Level 1:colcon.colcon_core.package_identification:_identify(.) by extension 'colcon_pkg'
[0.237s] Level 1:colcon.colcon_core.package_identification:_identify(.) by extensions ['colcon_meta']
[0.237s] Level 1:colcon.colcon_core.package_identification:_identify(.) by extension 'colcon_meta'
[0.237s] Level 1:colcon.colcon_core.package_identification:_identify(.) by extensions ['ros']
[0.237s] Level 1:colcon.colcon_core.package_identification:_identify(.) by extension 'ros'
[0.278s] Level 1:colcon.colcon_core.package_identification:_identify(.) by extensions ['cmake', 'python']
[0.278s] Level 1:colcon.colcon_core.package_identification:_identify(.) by extension 'cmake'
[0.278s] Level 1:colcon.colcon_core.package_identification:_identify(.) by extension 'python'
[0.278s] Level 1:colcon.colcon_core.package_identification:_identify(.) by extensions ['python_setup_py']
[0.278s] Level 1:colcon.colcon_core.package_identification:_identify(.) by extension 'python_setup_py'
[0.278s] Level 1:colcon.colcon_core.package_identification:_identify(build) by extensions ['ignore', 'ignore_ament_install']
[0.278s] Level 1:colcon.colcon_core.package_identification:_identify(build) by extension 'ignore'
[0.278s] Level 1:colcon.colcon_core.package_identification:_identify(build) ignored
[0.279s] Level 1:colcon.colcon_core.package_identification:_identify(install) by extensions ['ignore', 'ignore_ament_install']
[0.279s] Level 1:colcon.colcon_core.package_identification:_identify(install) by extension 'ignore'
[0.279s] Level 1:colcon.colcon_core.package_identification:_identify(install) ignored
[0.279s] Level 1:colcon.colcon_core.package_identification:_identify(log) by extensions ['ignore', 'ignore_ament_install']
[0.279s] Level 1:colcon.colcon_core.package_identification:_identify(log) by extension 'ignore'
[0.279s] Level 1:colcon.colcon_core.package_identification:_identify(log) ignored
[0.279s] Level 1:colcon.colcon_core.package_identification:_identify(pubsub_py) by extensions ['ignore', 'ignore_ament_install']
[0.279s] Level 1:colcon.colcon_core.package_identification:_identify(pubsub_py) by extension 'ignore'
[0.280s] Level 1:colcon.colcon_core.package_identification:_identify(pubsub_py) by extension 'ignore_ament_install'
[0.280s] Level 1:colcon.colcon_core.package_identification:_identify(pubsub_py) by extensions ['colcon_pkg']
[0.280s] Level 1:colcon.colcon_core.package_identification:_identify(pubsub_py) by extension 'colcon_pkg'
[0.280s] Level 1:colcon.colcon_core.package_identification:_identify(pubsub_py) by extensions ['colcon_meta']
[0.280s] Level 1:colcon.colcon_core.package_identification:_identify(pubsub_py) by extension 'colcon_meta'
[0.280s] Level 1:colcon.colcon_core.package_identification:_identify(pubsub_py) by extensions ['ros']
[0.280s] Level 1:colcon.colcon_core.package_identification:_identify(pubsub_py) by extension 'ros'
[0.283s] DEBUG:colcon.colcon_core.package_identification:Package 'pubsub_py' with type 'ros.ament_python' and name 'pubsub_py'
[0.283s] Level 1:colcon.colcon_core.package_discovery:discover_packages(recursive) using defaults
[0.284s] Level 1:colcon.colcon_core.package_discovery:discover_packages(ignore) discover
[0.284s] Level 1:colcon.colcon_core.package_discovery:discover_packages(ignore) using defaults
[0.284s] Level 1:colcon.colcon_core.package_discovery:discover_packages(path) discover
[0.284s] Level 1:colcon.colcon_core.package_discovery:discover_packages(path) using defaults
[0.310s] Level 5:colcon.colcon_core.verb:set package 'pubsub_py' build argument 'cmake_args' from command line to 'None'
[0.310s] Level 5:colcon.colcon_core.verb:set package 'pubsub_py' build argument 'cmake_target' from command line to 'None'
[0.310s] Level 5:colcon.colcon_core.verb:set package 'pubsub_py' build argument 'cmake_target_skip_unavailable' from command line to 'False'
[0.310s] Level 5:colcon.colcon_core.verb:set package 'pubsub_py' build argument 'cmake_clean_cache' from command line to 'False'
[0.310s] Level 5:colcon.colcon_core.verb:set package 'pubsub_py' build argument 'cmake_clean_first' from command line to 'False'
[0.310s] Level 5:colcon.colcon_core.verb:set package 'pubsub_py' build argument 'cmake_force_configure' from command line to 'False'
[0.310s] Level 5:colcon.colcon_core.verb:set package 'pubsub_py' build argument 'ament_cmake_args' from command line to 'None'
[0.310s] Level 5:colcon.colcon_core.verb:set package 'pubsub_py' build argument 'catkin_cmake_args' from command line to 'None'
[0.310s] Level 5:colcon.colcon_core.verb:set package 'pubsub_py' build argument 'catkin_skip_building_tests' from command line to 'False'
[0.310s] DEBUG:colcon.colcon_core.verb:Building package 'pubsub_py' with the following arguments: {'ament_cmake_args': None, 'build_base': '/home/cameron/ros2_ws/src/build/pubsub_py', 'catkin_cmake_args': None, 'catkin_skip_building_tests': False, 'cmake_args': None, 'cmake_clean_cache': False, 'cmake_clean_first': False, 'cmake_force_configure': False, 'cmake_target': None, 'cmake_target_skip_unavailable': False, 'install_base': '/home/cameron/ros2_ws/src/install/pubsub_py', 'merge_install': False, 'path': '/home/cameron/ros2_ws/src/pubsub_py', 'symlink_install': False, 'test_result_base': None}
[0.310s] INFO:colcon.colcon_core.executor:Executing jobs using 'parallel' executor
[0.312s] DEBUG:colcon.colcon_parallel_executor.executor.parallel:run_until_complete
[0.312s] INFO:colcon.colcon_ros.task.ament_python.build:Building ROS package in '/home/cameron/ros2_ws/src/pubsub_py' with build type 'ament_python'
[0.313s] Level 1:colcon.colcon_core.shell:create_environment_hook('pubsub_py', 'ament_prefix_path')
[0.316s] INFO:colcon.colcon_core.plugin_system:Skipping extension 'colcon_core.shell.bat': Not used on non-Windows systems
[0.316s] INFO:colcon.colcon_core.shell:Creating environment descriptor '/home/cameron/ros2_ws/src/install/pubsub_py/share/pubsub_py/hook/ament_prefix_path.dsv'
[0.317s] INFO:colcon.colcon_core.shell:Creating environment hook '/home/cameron/ros2_ws/src/install/pubsub_py/share/pubsub_py/hook/ament_prefix_path.sh'
[0.319s] DEBUG:colcon.colcon_core.shell:Skip shell extension 'dsv' for command environment
[0.320s] WARNING:colcon.colcon_ros.prefix_path.ament:The path '/home/cameron/ros2_ws/install/my_py_pubsub' in the environment variable AMENT_PREFIX_PATH doesn't exist
[0.780s] INFO:colcon.colcon_core.task.python.build:Building Python package in '/home/cameron/ros2_ws/src/pubsub_py'
[0.781s] DEBUG:colcon.colcon_core.shell:Skip shell extension 'dsv' for command environment
[2.111s] DEBUG:colcon.colcon_core.event_handler.log_command:Invoking command in '/home/cameron/ros2_ws/src/build/pubsub_py': PYTHONPATH=/home/cameron/ros2_ws/src/build/pubsub_py/prefix_override:/usr/lib/python3/dist-packages/colcon_core/task/python/colcon_distutils_commands:/home/cameron/ros2_ws/src/install/pubsub_py/lib/python3.12/site-packages:${PYTHONPATH} /usr/bin/python3 -W ignore:setup.py install is deprecated -W ignore:easy_install command is deprecated setup.py develop --uninstall --editable --build-directory /home/cameron/ros2_ws/src/build/pubsub_py/build
[3.299s] DEBUG:colcon.colcon_core.event_handler.log_command:Invoked command in '/home/cameron/ros2_ws/src/build/pubsub_py' returned '0': PYTHONPATH=/home/cameron/ros2_ws/src/build/pubsub_py/prefix_override:/usr/lib/python3/dist-packages/colcon_core/task/python/colcon_distutils_commands:/home/cameron/ros2_ws/src/install/pubsub_py/lib/python3.12/site-packages:${PYTHONPATH} /usr/bin/python3 -W ignore:setup.py install is deprecated -W ignore:easy_install command is deprecated setup.py develop --uninstall --editable --build-directory /home/cameron/ros2_ws/src/build/pubsub_py/build
[3.301s] DEBUG:colcon.colcon_core.event_handler.log_command:Invoking command in '/home/cameron/ros2_ws/src/pubsub_py': PYTHONPATH=/home/cameron/ros2_ws/src/build/pubsub_py/prefix_override:/usr/lib/python3/dist-packages/colcon_core/task/python/colcon_distutils_commands:/home/cameron/ros2_ws/src/install/pubsub_py/lib/python3.12/site-packages:${PYTHONPATH} /usr/bin/python3 -W ignore:setup.py install is deprecated -W ignore:easy_install command is deprecated setup.py egg_info --egg-base ../build/pubsub_py build --build-base /home/cameron/ros2_ws/src/build/pubsub_py/build install --record /home/cameron/ros2_ws/src/build/pubsub_py/install.log --single-version-externally-managed install_data --force
[4.552s] DEBUG:colcon.colcon_core.event_handler.log_command:Invoked command in '/home/cameron/ros2_ws/src/pubsub_py' returned '0': PYTHONPATH=/home/cameron/ros2_ws/src/build/pubsub_py/prefix_override:/usr/lib/python3/dist-packages/colcon_core/task/python/colcon_distutils_commands:/home/cameron/ros2_ws/src/install/pubsub_py/lib/python3.12/site-packages:${PYTHONPATH} /usr/bin/python3 -W ignore:setup.py install is deprecated -W ignore:easy_install command is deprecated setup.py egg_info --egg-base ../build/pubsub_py build --build-base /home/cameron/ros2_ws/src/build/pubsub_py/build install --record /home/cameron/ros2_ws/src/build/pubsub_py/install.log --single-version-externally-managed install_data --force
[4.556s] Level 1:colcon.colcon_core.environment:checking '/home/cameron/ros2_ws/src/install/pubsub_py' for CMake module files
[4.557s] Level 1:colcon.colcon_core.environment:checking '/home/cameron/ros2_ws/src/install/pubsub_py' for CMake config files
[4.558s] Level 1:colcon.colcon_core.environment:checking '/home/cameron/ros2_ws/src/install/pubsub_py/lib'
[4.558s] Level 1:colcon.colcon_core.environment:checking '/home/cameron/ros2_ws/src/install/pubsub_py/bin'
[4.559s] Level 1:colcon.colcon_core.environment:checking '/home/cameron/ros2_ws/src/install/pubsub_py/lib/pkgconfig/pubsub_py.pc'
[4.559s] Level 1:colcon.colcon_core.environment:checking '/home/cameron/ros2_ws/src/install/pubsub_py/lib/python3.12/site-packages'
[4.559s] Level 1:colcon.colcon_core.shell:create_environment_hook('pubsub_py', 'pythonpath')
[4.560s] INFO:colcon.colcon_core.shell:Creating environment descriptor '/home/cameron/ros2_ws/src/install/pubsub_py/share/pubsub_py/hook/pythonpath.dsv'
[4.560s] INFO:colcon.colcon_core.shell:Creating environment hook '/home/cameron/ros2_ws/src/install/pubsub_py/share/pubsub_py/hook/pythonpath.sh'
[4.561s] Level 1:colcon.colcon_core.environment:checking '/home/cameron/ros2_ws/src/install/pubsub_py/bin'
[4.562s] Level 1:colcon.colcon_core.environment:create_environment_scripts_only(pubsub_py)
[4.562s] INFO:colcon.colcon_core.shell:Creating package descriptor '/home/cameron/ros2_ws/src/install/pubsub_py/share/pubsub_py/package.dsv'
[4.563s] INFO:colcon.colcon_core.shell:Creating package script '/home/cameron/ros2_ws/src/install/pubsub_py/share/pubsub_py/package.sh'
[4.564s] INFO:colcon.colcon_core.shell:Creating package script '/home/cameron/ros2_ws/src/install/pubsub_py/share/pubsub_py/package.bash'
[4.565s] INFO:colcon.colcon_core.shell:Creating package script '/home/cameron/ros2_ws/src/install/pubsub_py/share/pubsub_py/package.zsh'
[4.566s] Level 1:colcon.colcon_core.environment:create_file_with_runtime_dependencies(/home/cameron/ros2_ws/src/install/pubsub_py/share/colcon-core/packages/pubsub_py)
[4.567s] DEBUG:colcon.colcon_parallel_executor.executor.parallel:closing loop
[4.567s] DEBUG:colcon.colcon_parallel_executor.executor.parallel:loop closed
[4.567s] DEBUG:colcon.colcon_parallel_executor.executor.parallel:run_until_complete finished with '0'
[4.567s] DEBUG:colcon.colcon_core.event_reactor:joining thread
[4.580s] INFO:colcon.colcon_core.plugin_system:Skipping extension 'colcon_notification.desktop_notification.terminal_notifier': Not used on non-Darwin systems
[4.580s] INFO:colcon.colcon_core.plugin_system:Skipping extension 'colcon_notification.desktop_notification.win32': Not used on non-Windows systems
[4.581s] INFO:colcon.colcon_notification.desktop_notification:Sending desktop notification using 'notify2'
[4.587s] DEBUG:colcon.colcon_core.event_reactor:joined thread
[4.587s] INFO:colcon.colcon_core.shell:Creating prefix script '/home/cameron/ros2_ws/src/install/local_setup.sh'
[4.589s] INFO:colcon.colcon_core.shell:Creating prefix util module '/home/cameron/ros2_ws/src/install/_local_setup_util_sh.py'
[4.592s] INFO:colcon.colcon_core.shell:Creating prefix chain script '/home/cameron/ros2_ws/src/install/setup.sh'
[4.594s] INFO:colcon.colcon_core.shell:Creating prefix script '/home/cameron/ros2_ws/src/install/local_setup.bash'
[4.598s] INFO:colcon.colcon_core.shell:Creating prefix chain script '/home/cameron/ros2_ws/src/install/setup.bash'
[4.601s] INFO:colcon.colcon_core.shell:Creating prefix script '/home/cameron/ros2_ws/src/install/local_setup.zsh'
[4.602s] INFO:colcon.colcon_core.shell:Creating prefix chain script '/home/cameron/ros2_ws/src/install/setup.zsh'
