running egg_info
writing ../build/my_py_pubsub/my_py_pubsub.egg-info/PKG-INFO
writing dependency_links to ../build/my_py_pubsub/my_py_pubsub.egg-info/dependency_links.txt
writing requirements to ../build/my_py_pubsub/my_py_pubsub.egg-info/requires.txt
writing top-level names to ../build/my_py_pubsub/my_py_pubsub.egg-info/top_level.txt
reading manifest file '../build/my_py_pubsub/my_py_pubsub.egg-info/SOURCES.txt'
writing manifest file '../build/my_py_pubsub/my_py_pubsub.egg-info/SOURCES.txt'
running build
running build_py
copying my_py_pubsub/__init__.py -> /home/cameron/ros2_ws/src/build/my_py_pubsub/build/lib/my_py_pubsub
running install
running install_lib
copying /home/cameron/ros2_ws/src/build/my_py_pubsub/build/lib/my_py_pubsub/__init__.py -> /home/cameron/ros2_ws/src/install/my_py_pubsub/lib/python3.12/site-packages/my_py_pubsub
byte-compiling /home/cameron/ros2_ws/src/install/my_py_pubsub/lib/python3.12/site-packages/my_py_pubsub/__init__.py to __init__.cpython-312.pyc
running install_data
running install_egg_info
removing '/home/cameron/ros2_ws/src/install/my_py_pubsub/lib/python3.12/site-packages/my_py_pubsub-0.0.0-py3.12.egg-info' (and everything under it)
Copying ../build/my_py_pubsub/my_py_pubsub.egg-info to /home/cameron/ros2_ws/src/install/my_py_pubsub/lib/python3.12/site-packages/my_py_pubsub-0.0.0-py3.12.egg-info
running install_scripts
writing list of installed files to '/home/cameron/ros2_ws/src/build/my_py_pubsub/install.log'
