[1.802s] Invoking command in '/home/cameron/ros2_ws/src/my_py_pubsub': PYTHONPATH=/home/cameron/ros2_ws/src/build/my_py_pubsub/prefix_override:/usr/lib/python3/dist-packages/colcon_core/task/python/colcon_distutils_commands:/home/cameron/ros2_ws/src/install/my_py_pubsub/lib/python3.12/site-packages:${PYTHONPATH} /usr/bin/python3 -W ignore:setup.py install is deprecated -W ignore:easy_install command is deprecated setup.py egg_info --egg-base ../build/my_py_pubsub build --build-base /home/cameron/ros2_ws/src/build/my_py_pubsub/build install --record /home/cameron/ros2_ws/src/build/my_py_pubsub/install.log --single-version-externally-managed install_data
[2.399s] running egg_info
[2.449s] writing ../build/my_py_pubsub/my_py_pubsub.egg-info/PKG-INFO
[2.449s] writing dependency_links to ../build/my_py_pubsub/my_py_pubsub.egg-info/dependency_links.txt
[2.450s] writing requirements to ../build/my_py_pubsub/my_py_pubsub.egg-info/requires.txt
[2.450s] writing top-level names to ../build/my_py_pubsub/my_py_pubsub.egg-info/top_level.txt
[2.546s] reading manifest file '../build/my_py_pubsub/my_py_pubsub.egg-info/SOURCES.txt'
[2.547s] writing manifest file '../build/my_py_pubsub/my_py_pubsub.egg-info/SOURCES.txt'
[2.547s] running build
[2.547s] running build_py
[2.547s] copying my_py_pubsub/__init__.py -> /home/cameron/ros2_ws/src/build/my_py_pubsub/build/lib/my_py_pubsub
[2.548s] running install
[2.557s] running install_lib
[2.604s] copying /home/cameron/ros2_ws/src/build/my_py_pubsub/build/lib/my_py_pubsub/__init__.py -> /home/cameron/ros2_ws/src/install/my_py_pubsub/lib/python3.12/site-packages/my_py_pubsub
[2.605s] byte-compiling /home/cameron/ros2_ws/src/install/my_py_pubsub/lib/python3.12/site-packages/my_py_pubsub/__init__.py to __init__.cpython-312.pyc
[2.606s] running install_data
[2.606s] running install_egg_info
[2.657s] removing '/home/cameron/ros2_ws/src/install/my_py_pubsub/lib/python3.12/site-packages/my_py_pubsub-0.0.0-py3.12.egg-info' (and everything under it)
[2.658s] Copying ../build/my_py_pubsub/my_py_pubsub.egg-info to /home/cameron/ros2_ws/src/install/my_py_pubsub/lib/python3.12/site-packages/my_py_pubsub-0.0.0-py3.12.egg-info
[2.659s] running install_scripts
[2.965s] writing list of installed files to '/home/cameron/ros2_ws/src/build/my_py_pubsub/install.log'
[3.026s] Invoked command in '/home/cameron/ros2_ws/src/my_py_pubsub' returned '0': PYTHONPATH=/home/cameron/ros2_ws/src/build/my_py_pubsub/prefix_override:/usr/lib/python3/dist-packages/colcon_core/task/python/colcon_distutils_commands:/home/cameron/ros2_ws/src/install/my_py_pubsub/lib/python3.12/site-packages:${PYTHONPATH} /usr/bin/python3 -W ignore:setup.py install is deprecated -W ignore:easy_install command is deprecated setup.py egg_info --egg-base ../build/my_py_pubsub build --build-base /home/cameron/ros2_ws/src/build/my_py_pubsub/build install --record /home/cameron/ros2_ws/src/build/my_py_pubsub/install.log --single-version-externally-managed install_data
