[0.232s] DEBUG:colcon:Command line arguments: ['/usr/bin/colcon', 'build', '--symlink-install']
[0.232s] DEBUG:colcon:Parsed command line arguments: Namespace(log_base=None, log_level=None, verb_name='build', build_base='build', install_base='install', merge_install=False, symlink_install=True, test_result_base=None, continue_on_error=False, executor='parallel', parallel_workers=4, event_handlers=None, ignore_user_meta=False, metas=['./colcon.meta'], base_paths=['.'], packages_ignore=None, packages_ignore_regex=None, paths=None, packages_up_to=None, packages_up_to_regex=None, packages_above=None, packages_above_and_dependencies=None, packages_above_depth=None, packages_select_by_dep=None, packages_skip_by_dep=None, packages_skip_up_to=None, packages_select_build_failed=False, packages_skip_build_finished=False, packages_select_test_failures=False, packages_skip_test_passed=False, packages_select=None, packages_skip=None, packages_select_regex=None, packages_skip_regex=None, packages_start=None, packages_end=None, cmake_args=None, cmake_target=None, cmake_target_skip_unavailable=False, cmake_clean_cache=False, cmake_clean_first=False, cmake_force_configure=False, ament_cmake_args=None, catkin_cmake_args=None, catkin_skip_building_tests=False, verb_parser=<colcon_defaults.argument_parser.defaults.DefaultArgumentsDecorator object at 0x798994d56b40>, verb_extension=<colcon_core.verb.build.BuildVerb object at 0x798994f079e0>, main=<bound method BuildVerb.main of <colcon_core.verb.build.BuildVerb object at 0x798994f079e0>>)
[0.303s] Level 1:colcon.colcon_core.package_discovery:discover_packages(colcon_meta) check parameters
[0.303s] Level 1:colcon.colcon_core.package_discovery:discover_packages(recursive) check parameters
[0.303s] Level 1:colcon.colcon_core.package_discovery:discover_packages(ignore) check parameters
[0.303s] Level 1:colcon.colcon_core.package_discovery:discover_packages(path) check parameters
[0.303s] Level 1:colcon.colcon_core.package_discovery:discover_packages(colcon_meta) discover
[0.304s] Level 1:colcon.colcon_core.package_discovery:discover_packages(recursive) discover
[0.304s] INFO:colcon.colcon_core.package_discovery:Crawling recursively for packages in '/home/cameron/ros2_ws/src'
[0.304s] Level 1:colcon.colcon_core.package_identification:_identify(.) by extensions ['ignore', 'ignore_ament_install']
[0.304s] Level 1:colcon.colcon_core.package_identification:_identify(.) by extension 'ignore'
[0.304s] Level 1:colcon.colcon_core.package_identification:_identify(.) by extension 'ignore_ament_install'
[0.304s] Level 1:colcon.colcon_core.package_identification:_identify(.) by extensions ['colcon_pkg']
[0.304s] Level 1:colcon.colcon_core.package_identification:_identify(.) by extension 'colcon_pkg'
[0.304s] Level 1:colcon.colcon_core.package_identification:_identify(.) by extensions ['colcon_meta']
[0.304s] Level 1:colcon.colcon_core.package_identification:_identify(.) by extension 'colcon_meta'
[0.305s] Level 1:colcon.colcon_core.package_identification:_identify(.) by extensions ['ros']
[0.305s] Level 1:colcon.colcon_core.package_identification:_identify(.) by extension 'ros'
[0.349s] Level 1:colcon.colcon_core.package_identification:_identify(.) by extensions ['cmake', 'python']
[0.350s] Level 1:colcon.colcon_core.package_identification:_identify(.) by extension 'cmake'
[0.350s] Level 1:colcon.colcon_core.package_identification:_identify(.) by extension 'python'
[0.350s] Level 1:colcon.colcon_core.package_identification:_identify(.) by extensions ['python_setup_py']
[0.350s] Level 1:colcon.colcon_core.package_identification:_identify(.) by extension 'python_setup_py'
[0.350s] Level 1:colcon.colcon_core.package_identification:_identify(build) by extensions ['ignore', 'ignore_ament_install']
[0.350s] Level 1:colcon.colcon_core.package_identification:_identify(build) by extension 'ignore'
[0.350s] Level 1:colcon.colcon_core.package_identification:_identify(build) ignored
[0.350s] Level 1:colcon.colcon_core.package_identification:_identify(install) by extensions ['ignore', 'ignore_ament_install']
[0.350s] Level 1:colcon.colcon_core.package_identification:_identify(install) by extension 'ignore'
[0.351s] Level 1:colcon.colcon_core.package_identification:_identify(install) ignored
[0.351s] Level 1:colcon.colcon_core.package_identification:_identify(log) by extensions ['ignore', 'ignore_ament_install']
[0.351s] Level 1:colcon.colcon_core.package_identification:_identify(log) by extension 'ignore'
[0.351s] Level 1:colcon.colcon_core.package_identification:_identify(log) ignored
[0.351s] Level 1:colcon.colcon_core.package_identification:_identify(pubsub_py) by extensions ['ignore', 'ignore_ament_install']
[0.351s] Level 1:colcon.colcon_core.package_identification:_identify(pubsub_py) by extension 'ignore'
[0.351s] Level 1:colcon.colcon_core.package_identification:_identify(pubsub_py) by extension 'ignore_ament_install'
[0.351s] Level 1:colcon.colcon_core.package_identification:_identify(pubsub_py) by extensions ['colcon_pkg']
[0.351s] Level 1:colcon.colcon_core.package_identification:_identify(pubsub_py) by extension 'colcon_pkg'
[0.351s] Level 1:colcon.colcon_core.package_identification:_identify(pubsub_py) by extensions ['colcon_meta']
[0.352s] Level 1:colcon.colcon_core.package_identification:_identify(pubsub_py) by extension 'colcon_meta'
[0.352s] Level 1:colcon.colcon_core.package_identification:_identify(pubsub_py) by extensions ['ros']
[0.352s] Level 1:colcon.colcon_core.package_identification:_identify(pubsub_py) by extension 'ros'
[0.355s] DEBUG:colcon.colcon_core.package_identification:Package 'pubsub_py' with type 'ros.ament_python' and name 'pubsub_py'
[0.355s] Level 1:colcon.colcon_core.package_discovery:discover_packages(recursive) using defaults
[0.355s] Level 1:colcon.colcon_core.package_discovery:discover_packages(ignore) discover
[0.355s] Level 1:colcon.colcon_core.package_discovery:discover_packages(ignore) using defaults
[0.355s] Level 1:colcon.colcon_core.package_discovery:discover_packages(path) discover
[0.355s] Level 1:colcon.colcon_core.package_discovery:discover_packages(path) using defaults
[0.383s] Level 5:colcon.colcon_core.verb:set package 'pubsub_py' build argument 'cmake_args' from command line to 'None'
[0.383s] Level 5:colcon.colcon_core.verb:set package 'pubsub_py' build argument 'cmake_target' from command line to 'None'
[0.383s] Level 5:colcon.colcon_core.verb:set package 'pubsub_py' build argument 'cmake_target_skip_unavailable' from command line to 'False'
[0.383s] Level 5:colcon.colcon_core.verb:set package 'pubsub_py' build argument 'cmake_clean_cache' from command line to 'False'
[0.383s] Level 5:colcon.colcon_core.verb:set package 'pubsub_py' build argument 'cmake_clean_first' from command line to 'False'
[0.383s] Level 5:colcon.colcon_core.verb:set package 'pubsub_py' build argument 'cmake_force_configure' from command line to 'False'
[0.383s] Level 5:colcon.colcon_core.verb:set package 'pubsub_py' build argument 'ament_cmake_args' from command line to 'None'
[0.384s] Level 5:colcon.colcon_core.verb:set package 'pubsub_py' build argument 'catkin_cmake_args' from command line to 'None'
[0.384s] Level 5:colcon.colcon_core.verb:set package 'pubsub_py' build argument 'catkin_skip_building_tests' from command line to 'False'
[0.384s] DEBUG:colcon.colcon_core.verb:Building package 'pubsub_py' with the following arguments: {'ament_cmake_args': None, 'build_base': '/home/cameron/ros2_ws/src/build/pubsub_py', 'catkin_cmake_args': None, 'catkin_skip_building_tests': False, 'cmake_args': None, 'cmake_clean_cache': False, 'cmake_clean_first': False, 'cmake_force_configure': False, 'cmake_target': None, 'cmake_target_skip_unavailable': False, 'install_base': '/home/cameron/ros2_ws/src/install/pubsub_py', 'merge_install': False, 'path': '/home/cameron/ros2_ws/src/pubsub_py', 'symlink_install': True, 'test_result_base': None}
[0.384s] INFO:colcon.colcon_core.executor:Executing jobs using 'parallel' executor
[0.385s] DEBUG:colcon.colcon_parallel_executor.executor.parallel:run_until_complete
[0.385s] INFO:colcon.colcon_ros.task.ament_python.build:Building ROS package in '/home/cameron/ros2_ws/src/pubsub_py' with build type 'ament_python'
[0.386s] Level 1:colcon.colcon_core.shell:create_environment_hook('pubsub_py', 'ament_prefix_path')
[0.389s] INFO:colcon.colcon_core.plugin_system:Skipping extension 'colcon_core.shell.bat': Not used on non-Windows systems
[0.389s] INFO:colcon.colcon_core.shell:Creating environment descriptor '/home/cameron/ros2_ws/src/install/pubsub_py/share/pubsub_py/hook/ament_prefix_path.dsv'
[0.390s] INFO:colcon.colcon_core.shell:Creating environment hook '/home/cameron/ros2_ws/src/install/pubsub_py/share/pubsub_py/hook/ament_prefix_path.sh'
[0.392s] DEBUG:colcon.colcon_core.shell:Skip shell extension 'dsv' for command environment
[0.393s] WARNING:colcon.colcon_ros.prefix_path.ament:The path '/home/cameron/ros2_ws/install/my_py_pubsub' in the environment variable AMENT_PREFIX_PATH doesn't exist
[0.861s] INFO:colcon.colcon_core.task.python.build:Building Python package in '/home/cameron/ros2_ws/src/pubsub_py'
[0.861s] DEBUG:colcon.colcon_core.shell:Skip shell extension 'dsv' for command environment
[2.300s] DEBUG:colcon.colcon_core.event_handler.log_command:Invoking command in '/home/cameron/ros2_ws/src/build/pubsub_py': PYTHONPATH=/home/cameron/ros2_ws/src/build/pubsub_py/prefix_override:/usr/lib/python3/dist-packages/colcon_core/task/python/colcon_distutils_commands:/home/cameron/ros2_ws/src/install/pubsub_py/lib/python3.12/site-packages:${PYTHONPATH} /usr/bin/python3 -W ignore:setup.py install is deprecated -W ignore:easy_install command is deprecated setup.py develop --editable --build-directory /home/cameron/ros2_ws/src/build/pubsub_py/build --no-deps symlink_data
[3.746s] Level 1:colcon.colcon_core.shell:create_environment_hook('pubsub_py', 'pythonpath_develop')
[3.747s] INFO:colcon.colcon_core.shell:Creating environment descriptor '/home/cameron/ros2_ws/src/build/pubsub_py/share/pubsub_py/hook/pythonpath_develop.dsv'
[3.748s] DEBUG:colcon.colcon_core.event_handler.log_command:Invoked command in '/home/cameron/ros2_ws/src/build/pubsub_py' returned '0': PYTHONPATH=/home/cameron/ros2_ws/src/build/pubsub_py/prefix_override:/usr/lib/python3/dist-packages/colcon_core/task/python/colcon_distutils_commands:/home/cameron/ros2_ws/src/install/pubsub_py/lib/python3.12/site-packages:${PYTHONPATH} /usr/bin/python3 -W ignore:setup.py install is deprecated -W ignore:easy_install command is deprecated setup.py develop --editable --build-directory /home/cameron/ros2_ws/src/build/pubsub_py/build --no-deps symlink_data
[3.748s] INFO:colcon.colcon_core.shell:Creating environment hook '/home/cameron/ros2_ws/src/build/pubsub_py/share/pubsub_py/hook/pythonpath_develop.sh'
[3.753s] Level 1:colcon.colcon_core.environment:checking '/home/cameron/ros2_ws/src/install/pubsub_py' for CMake module files
[3.754s] Level 1:colcon.colcon_core.environment:checking '/home/cameron/ros2_ws/src/install/pubsub_py' for CMake config files
[3.755s] Level 1:colcon.colcon_core.environment:checking '/home/cameron/ros2_ws/src/install/pubsub_py/lib'
[3.756s] Level 1:colcon.colcon_core.environment:checking '/home/cameron/ros2_ws/src/install/pubsub_py/bin'
[3.756s] Level 1:colcon.colcon_core.environment:checking '/home/cameron/ros2_ws/src/install/pubsub_py/lib/pkgconfig/pubsub_py.pc'
[3.757s] Level 1:colcon.colcon_core.environment:checking '/home/cameron/ros2_ws/src/install/pubsub_py/lib/python3.12/site-packages'
[3.757s] Level 1:colcon.colcon_core.shell:create_environment_hook('pubsub_py', 'pythonpath')
[3.757s] INFO:colcon.colcon_core.shell:Creating environment descriptor '/home/cameron/ros2_ws/src/install/pubsub_py/share/pubsub_py/hook/pythonpath.dsv'
[3.758s] INFO:colcon.colcon_core.shell:Creating environment hook '/home/cameron/ros2_ws/src/install/pubsub_py/share/pubsub_py/hook/pythonpath.sh'
[3.759s] Level 1:colcon.colcon_core.environment:checking '/home/cameron/ros2_ws/src/install/pubsub_py/bin'
[3.760s] Level 1:colcon.colcon_core.environment:create_environment_scripts_only(pubsub_py)
[3.760s] INFO:colcon.colcon_core.shell:Creating package descriptor '/home/cameron/ros2_ws/src/install/pubsub_py/share/pubsub_py/package.dsv'
[3.761s] INFO:colcon.colcon_core.shell:Creating package script '/home/cameron/ros2_ws/src/install/pubsub_py/share/pubsub_py/package.sh'
[3.763s] INFO:colcon.colcon_core.shell:Creating package script '/home/cameron/ros2_ws/src/install/pubsub_py/share/pubsub_py/package.bash'
[3.764s] INFO:colcon.colcon_core.shell:Creating package script '/home/cameron/ros2_ws/src/install/pubsub_py/share/pubsub_py/package.zsh'
[3.765s] Level 1:colcon.colcon_core.environment:create_file_with_runtime_dependencies(/home/cameron/ros2_ws/src/install/pubsub_py/share/colcon-core/packages/pubsub_py)
[3.766s] DEBUG:colcon.colcon_parallel_executor.executor.parallel:closing loop
[3.766s] DEBUG:colcon.colcon_parallel_executor.executor.parallel:loop closed
[3.766s] DEBUG:colcon.colcon_parallel_executor.executor.parallel:run_until_complete finished with '0'
[3.767s] DEBUG:colcon.colcon_core.event_reactor:joining thread
[3.780s] INFO:colcon.colcon_core.plugin_system:Skipping extension 'colcon_notification.desktop_notification.terminal_notifier': Not used on non-Darwin systems
[3.780s] INFO:colcon.colcon_core.plugin_system:Skipping extension 'colcon_notification.desktop_notification.win32': Not used on non-Windows systems
[3.780s] INFO:colcon.colcon_notification.desktop_notification:Sending desktop notification using 'notify2'
[3.788s] DEBUG:colcon.colcon_core.event_reactor:joined thread
[3.789s] INFO:colcon.colcon_core.shell:Creating prefix script '/home/cameron/ros2_ws/src/install/local_setup.sh'
[3.790s] INFO:colcon.colcon_core.shell:Creating prefix util module '/home/cameron/ros2_ws/src/install/_local_setup_util_sh.py'
[3.793s] INFO:colcon.colcon_core.shell:Creating prefix chain script '/home/cameron/ros2_ws/src/install/setup.sh'
[3.796s] INFO:colcon.colcon_core.shell:Creating prefix script '/home/cameron/ros2_ws/src/install/local_setup.bash'
[3.800s] INFO:colcon.colcon_core.shell:Creating prefix chain script '/home/cameron/ros2_ws/src/install/setup.bash'
[3.803s] INFO:colcon.colcon_core.shell:Creating prefix script '/home/cameron/ros2_ws/src/install/local_setup.zsh'
[3.804s] INFO:colcon.colcon_core.shell:Creating prefix chain script '/home/cameron/ros2_ws/src/install/setup.zsh'
