[0.026s] Invoking command in '/home/cameron/ros2_ws/build/pubsub': CMAKE_PREFIX_PATH=${CMAKE_PREFIX_PATH}:/home/cameron/ros2_ws/install/pubsub_py:/home/cameron/ros2_ws/install/my_py_pubsub:/opt/ros/jazzy /usr/bin/cmake --build /home/cameron/ros2_ws/build/pubsub -- -j4 -l4
[0.073s] -- Found ament_cmake: 2.5.4 (/opt/ros/jazzy/share/ament_cmake/cmake)
[0.468s] -- Found rclcpp: 28.1.12 (/opt/ros/jazzy/share/rclcpp/cmake)
[0.522s] -- Found rosidl_generator_c: 4.6.6 (/opt/ros/jazzy/share/rosidl_generator_c/cmake)
[0.537s] -- Found rosidl_generator_cpp: 4.6.6 (/opt/ros/jazzy/share/rosidl_generator_cpp/cmake)
[0.555s] -- Using all available rosidl_typesupport_c: rosidl_typesupport_fastrtps_c;rosidl_typesupport_introspection_c
[0.577s] -- Using all available rosidl_typesupport_cpp: rosidl_typesupport_fastrtps_cpp;rosidl_typesupport_introspection_cpp
[0.689s] -- Found rmw_implementation_cmake: 7.3.2 (/opt/ros/jazzy/share/rmw_implementation_cmake/cmake)
[0.691s] -- Found rmw_fastrtps_cpp: 8.4.3 (/opt/ros/jazzy/share/rmw_fastrtps_cpp/cmake)
[0.811s] -- Using RMW implementation 'rmw_fastrtps_cpp' as default
[0.941s] -- Found std_msgs: 5.3.6 (/opt/ros/jazzy/share/std_msgs/cmake)
[0.964s] -- Found ament_lint_auto: 0.17.3 (/opt/ros/jazzy/share/ament_lint_auto/cmake)
[1.128s] -- Added test 'cppcheck' to perform static code analysis on C / C++ code
[1.128s] -- Configured cppcheck include dirs: 
[1.128s] -- Configured cppcheck exclude dirs and/or files: 
[1.129s] -- Added test 'lint_cmake' to check CMake code style
[1.130s] -- Added test 'uncrustify' to check C / C++ code style
[1.130s] -- Configured uncrustify additional arguments: 
[1.131s] -- Added test 'xmllint' to check XML markup files
[1.132s] -- Configuring done (1.1s)
[1.153s] -- Generating done (0.0s)
[1.161s] -- Build files have been written to: /home/cameron/ros2_ws/build/pubsub
[1.242s] [ 25%] [32mBuilding CXX object CMakeFiles/subnode.dir/src/subnode.cpp.o[0m
[1.257s] [ 75%] Built target pubnode
[14.161s] [100%] [32m[1mLinking CXX executable subnode[0m
[14.653s] [100%] Built target subnode
[14.675s] Invoked command in '/home/cameron/ros2_ws/build/pubsub' returned '0': CMAKE_PREFIX_PATH=${CMAKE_PREFIX_PATH}:/home/cameron/ros2_ws/install/pubsub_py:/home/cameron/ros2_ws/install/my_py_pubsub:/opt/ros/jazzy /usr/bin/cmake --build /home/cameron/ros2_ws/build/pubsub -- -j4 -l4
[14.696s] Invoking command in '/home/cameron/ros2_ws/build/pubsub': CMAKE_PREFIX_PATH=${CMAKE_PREFIX_PATH}:/home/cameron/ros2_ws/install/pubsub_py:/home/cameron/ros2_ws/install/my_py_pubsub:/opt/ros/jazzy /usr/bin/cmake --install /home/cameron/ros2_ws/build/pubsub
[14.711s] -- Install configuration: ""
[14.711s] -- Up-to-date: /home/cameron/ros2_ws/install/pubsub/lib/pubsub/pubnode
[14.712s] -- Installing: /home/cameron/ros2_ws/install/pubsub/lib/pubsub/subnode
[14.719s] -- Set non-toolchain portion of runtime path of "/home/cameron/ros2_ws/install/pubsub/lib/pubsub/subnode" to ""
[14.719s] -- Up-to-date: /home/cameron/ros2_ws/install/pubsub/share/ament_index/resource_index/package_run_dependencies/pubsub
[14.719s] -- Up-to-date: /home/cameron/ros2_ws/install/pubsub/share/ament_index/resource_index/parent_prefix_path/pubsub
[14.719s] -- Up-to-date: /home/cameron/ros2_ws/install/pubsub/share/pubsub/environment/ament_prefix_path.sh
[14.719s] -- Up-to-date: /home/cameron/ros2_ws/install/pubsub/share/pubsub/environment/ament_prefix_path.dsv
[14.719s] -- Up-to-date: /home/cameron/ros2_ws/install/pubsub/share/pubsub/environment/path.sh
[14.719s] -- Up-to-date: /home/cameron/ros2_ws/install/pubsub/share/pubsub/environment/path.dsv
[14.720s] -- Up-to-date: /home/cameron/ros2_ws/install/pubsub/share/pubsub/local_setup.bash
[14.720s] -- Up-to-date: /home/cameron/ros2_ws/install/pubsub/share/pubsub/local_setup.sh
[14.720s] -- Up-to-date: /home/cameron/ros2_ws/install/pubsub/share/pubsub/local_setup.zsh
[14.720s] -- Up-to-date: /home/cameron/ros2_ws/install/pubsub/share/pubsub/local_setup.dsv
[14.720s] -- Installing: /home/cameron/ros2_ws/install/pubsub/share/pubsub/package.dsv
[14.720s] -- Up-to-date: /home/cameron/ros2_ws/install/pubsub/share/ament_index/resource_index/packages/pubsub
[14.721s] -- Up-to-date: /home/cameron/ros2_ws/install/pubsub/share/pubsub/cmake/pubsubConfig.cmake
[14.721s] -- Up-to-date: /home/cameron/ros2_ws/install/pubsub/share/pubsub/cmake/pubsubConfig-version.cmake
[14.721s] -- Up-to-date: /home/cameron/ros2_ws/install/pubsub/share/pubsub/package.xml
[14.723s] Invoked command in '/home/cameron/ros2_ws/build/pubsub' returned '0': CMAKE_PREFIX_PATH=${CMAKE_PREFIX_PATH}:/home/cameron/ros2_ws/install/pubsub_py:/home/cameron/ros2_ws/install/my_py_pubsub:/opt/ros/jazzy /usr/bin/cmake --install /home/cameron/ros2_ws/build/pubsub
