[0.033s] Invoking command in '/home/cameron/ros2_ws/build/pubsub': CMAKE_PREFIX_PATH=${CMAKE_PREFIX_PATH}:/home/cameron/ros2_ws/install/pubsub_py:/home/cameron/ros2_ws/install/my_py_pubsub:/opt/ros/jazzy /usr/bin/cmake /home/cameron/ros2_ws/src/pubsub -DCMAKE_INSTALL_PREFIX=/home/cameron/ros2_ws/install/pubsub
[0.343s] -- The C compiler identification is GNU 13.3.0
[0.543s] -- The CXX compiler identification is GNU 13.3.0
[0.582s] -- Detecting C compiler ABI info
[0.810s] -- Detecting C compiler ABI info - done
[0.835s] -- Check for working C compiler: /usr/bin/cc - skipped
[0.835s] -- Detecting C compile features
[0.837s] -- Detecting C compile features - done
[0.857s] -- Detecting CXX compiler ABI info
[1.084s] -- Detecting CXX compiler ABI info - done
[1.106s] -- Check for working CXX compiler: /usr/bin/c++ - skipped
[1.106s] -- Detecting CXX compile features
[1.108s] -- Detecting CXX compile features - done
[1.135s] -- Found ament_cmake: 2.5.4 (/opt/ros/jazzy/share/ament_cmake/cmake)
[1.515s] -- Found Python3: /usr/bin/python3 (found version "3.12.3") found components: Interpreter 
[1.805s] -- Found rclcpp: 28.1.12 (/opt/ros/jazzy/share/rclcpp/cmake)
[1.950s] -- Found rosidl_generator_c: 4.6.6 (/opt/ros/jazzy/share/rosidl_generator_c/cmake)
[1.993s] -- Found rosidl_generator_cpp: 4.6.6 (/opt/ros/jazzy/share/rosidl_generator_cpp/cmake)
[2.049s] -- Using all available rosidl_typesupport_c: rosidl_typesupport_fastrtps_c;rosidl_typesupport_introspection_c
[2.104s] -- Using all available rosidl_typesupport_cpp: rosidl_typesupport_fastrtps_cpp;rosidl_typesupport_introspection_cpp
[2.356s] -- Found rmw_implementation_cmake: 7.3.2 (/opt/ros/jazzy/share/rmw_implementation_cmake/cmake)
[2.370s] -- Found rmw_fastrtps_cpp: 8.4.3 (/opt/ros/jazzy/share/rmw_fastrtps_cpp/cmake)
[2.631s] -- Found OpenSSL: /usr/lib/x86_64-linux-gnu/libcrypto.so (found version "3.0.13")  
[2.694s] -- Found FastRTPS: /opt/ros/jazzy/include (Required is at least version "2.13") 
[2.755s] -- Using RMW implementation 'rmw_fastrtps_cpp' as default
[2.990s] -- Found std_msgs: 5.3.6 (/opt/ros/jazzy/share/std_msgs/cmake)
[3.039s] -- Found ament_lint_auto: 0.17.3 (/opt/ros/jazzy/share/ament_lint_auto/cmake)
[3.306s] [31mCMake Error at /opt/ros/jazzy/share/ament_cmake_target_dependencies/cmake/ament_target_dependencies.cmake:42 (message):
[3.307s]   ament_target_dependencies() the first argument must be a valid target name
[3.307s] Call Stack (most recent call first):
[3.307s]   CMakeLists.txt:26 (ament_target_dependencies)
[3.307s] 
[3.307s] [0m
[3.307s] -- Configuring incomplete, errors occurred!
[3.333s] Invoked command in '/home/cameron/ros2_ws/build/pubsub' returned '1': CMAKE_PREFIX_PATH=${CMAKE_PREFIX_PATH}:/home/cameron/ros2_ws/install/pubsub_py:/home/cameron/ros2_ws/install/my_py_pubsub:/opt/ros/jazzy /usr/bin/cmake /home/cameron/ros2_ws/src/pubsub -DCMAKE_INSTALL_PREFIX=/home/cameron/ros2_ws/install/pubsub
