[0.174s] DEBUG:colcon:Command line arguments: ['/usr/bin/colcon', 'build']
[0.175s] DEBUG:colcon:Parsed command line arguments: Namespace(log_base=None, log_level=None, verb_name='build', build_base='build', install_base='install', merge_install=False, symlink_install=False, test_result_base=None, continue_on_error=False, executor='parallel', parallel_workers=4, event_handlers=None, ignore_user_meta=False, metas=['./colcon.meta'], base_paths=['.'], packages_ignore=None, packages_ignore_regex=None, paths=None, packages_up_to=None, packages_up_to_regex=None, packages_above=None, packages_above_and_dependencies=None, packages_above_depth=None, packages_select_by_dep=None, packages_skip_by_dep=None, packages_skip_up_to=None, packages_select_build_failed=False, packages_skip_build_finished=False, packages_select_test_failures=False, packages_skip_test_passed=False, packages_select=None, packages_skip=None, packages_select_regex=None, packages_skip_regex=None, packages_start=None, packages_end=None, cmake_args=None, cmake_target=None, cmake_target_skip_unavailable=False, cmake_clean_cache=False, cmake_clean_first=False, cmake_force_configure=False, ament_cmake_args=None, catkin_cmake_args=None, catkin_skip_building_tests=False, verb_parser=<colcon_defaults.argument_parser.defaults.DefaultArgumentsDecorator object at 0x736bc7a4a7b0>, verb_extension=<colcon_core.verb.build.BuildVerb object at 0x736bc816f9e0>, main=<bound method BuildVerb.main of <colcon_core.verb.build.BuildVerb object at 0x736bc816f9e0>>)
[0.233s] Level 1:colcon.colcon_core.package_discovery:discover_packages(colcon_meta) check parameters
[0.234s] Level 1:colcon.colcon_core.package_discovery:discover_packages(recursive) check parameters
[0.234s] Level 1:colcon.colcon_core.package_discovery:discover_packages(ignore) check parameters
[0.234s] Level 1:colcon.colcon_core.package_discovery:discover_packages(path) check parameters
[0.234s] Level 1:colcon.colcon_core.package_discovery:discover_packages(colcon_meta) discover
[0.234s] Level 1:colcon.colcon_core.package_discovery:discover_packages(recursive) discover
[0.234s] INFO:colcon.colcon_core.package_discovery:Crawling recursively for packages in '/home/cameron/ros2_ws'
[0.234s] Level 1:colcon.colcon_core.package_identification:_identify(.) by extensions ['ignore', 'ignore_ament_install']
[0.234s] Level 1:colcon.colcon_core.package_identification:_identify(.) by extension 'ignore'
[0.234s] Level 1:colcon.colcon_core.package_identification:_identify(.) by extension 'ignore_ament_install'
[0.234s] Level 1:colcon.colcon_core.package_identification:_identify(.) by extensions ['colcon_pkg']
[0.234s] Level 1:colcon.colcon_core.package_identification:_identify(.) by extension 'colcon_pkg'
[0.234s] Level 1:colcon.colcon_core.package_identification:_identify(.) by extensions ['colcon_meta']
[0.235s] Level 1:colcon.colcon_core.package_identification:_identify(.) by extension 'colcon_meta'
[0.235s] Level 1:colcon.colcon_core.package_identification:_identify(.) by extensions ['ros']
[0.235s] Level 1:colcon.colcon_core.package_identification:_identify(.) by extension 'ros'
[0.275s] Level 1:colcon.colcon_core.package_identification:_identify(.) by extensions ['cmake', 'python']
[0.275s] Level 1:colcon.colcon_core.package_identification:_identify(.) by extension 'cmake'
[0.275s] Level 1:colcon.colcon_core.package_identification:_identify(.) by extension 'python'
[0.275s] Level 1:colcon.colcon_core.package_identification:_identify(.) by extensions ['python_setup_py']
[0.275s] Level 1:colcon.colcon_core.package_identification:_identify(.) by extension 'python_setup_py'
[0.275s] Level 1:colcon.colcon_core.package_identification:_identify(build) by extensions ['ignore', 'ignore_ament_install']
[0.275s] Level 1:colcon.colcon_core.package_identification:_identify(build) by extension 'ignore'
[0.276s] Level 1:colcon.colcon_core.package_identification:_identify(build) ignored
[0.276s] Level 1:colcon.colcon_core.package_identification:_identify(install) by extensions ['ignore', 'ignore_ament_install']
[0.276s] Level 1:colcon.colcon_core.package_identification:_identify(install) by extension 'ignore'
[0.276s] Level 1:colcon.colcon_core.package_identification:_identify(install) ignored
[0.276s] Level 1:colcon.colcon_core.package_identification:_identify(log) by extensions ['ignore', 'ignore_ament_install']
[0.276s] Level 1:colcon.colcon_core.package_identification:_identify(log) by extension 'ignore'
[0.276s] Level 1:colcon.colcon_core.package_identification:_identify(log) ignored
[0.276s] Level 1:colcon.colcon_core.package_identification:_identify(src) by extensions ['ignore', 'ignore_ament_install']
[0.277s] Level 1:colcon.colcon_core.package_identification:_identify(src) by extension 'ignore'
[0.277s] Level 1:colcon.colcon_core.package_identification:_identify(src) by extension 'ignore_ament_install'
[0.277s] Level 1:colcon.colcon_core.package_identification:_identify(src) by extensions ['colcon_pkg']
[0.277s] Level 1:colcon.colcon_core.package_identification:_identify(src) by extension 'colcon_pkg'
[0.277s] Level 1:colcon.colcon_core.package_identification:_identify(src) by extensions ['colcon_meta']
[0.277s] Level 1:colcon.colcon_core.package_identification:_identify(src) by extension 'colcon_meta'
[0.277s] Level 1:colcon.colcon_core.package_identification:_identify(src) by extensions ['ros']
[0.277s] Level 1:colcon.colcon_core.package_identification:_identify(src) by extension 'ros'
[0.277s] Level 1:colcon.colcon_core.package_identification:_identify(src) by extensions ['cmake', 'python']
[0.277s] Level 1:colcon.colcon_core.package_identification:_identify(src) by extension 'cmake'
[0.277s] Level 1:colcon.colcon_core.package_identification:_identify(src) by extension 'python'
[0.277s] Level 1:colcon.colcon_core.package_identification:_identify(src) by extensions ['python_setup_py']
[0.277s] Level 1:colcon.colcon_core.package_identification:_identify(src) by extension 'python_setup_py'
[0.277s] Level 1:colcon.colcon_core.package_identification:_identify(src/build) by extensions ['ignore', 'ignore_ament_install']
[0.278s] Level 1:colcon.colcon_core.package_identification:_identify(src/build) by extension 'ignore'
[0.278s] Level 1:colcon.colcon_core.package_identification:_identify(src/build) ignored
[0.278s] Level 1:colcon.colcon_core.package_identification:_identify(src/install) by extensions ['ignore', 'ignore_ament_install']
[0.278s] Level 1:colcon.colcon_core.package_identification:_identify(src/install) by extension 'ignore'
[0.278s] Level 1:colcon.colcon_core.package_identification:_identify(src/install) ignored
[0.278s] Level 1:colcon.colcon_core.package_identification:_identify(src/log) by extensions ['ignore', 'ignore_ament_install']
[0.278s] Level 1:colcon.colcon_core.package_identification:_identify(src/log) by extension 'ignore'
[0.278s] Level 1:colcon.colcon_core.package_identification:_identify(src/log) ignored
[0.278s] Level 1:colcon.colcon_core.package_identification:_identify(src/pubsub) by extensions ['ignore', 'ignore_ament_install']
[0.278s] Level 1:colcon.colcon_core.package_identification:_identify(src/pubsub) by extension 'ignore'
[0.279s] Level 1:colcon.colcon_core.package_identification:_identify(src/pubsub) by extension 'ignore_ament_install'
[0.279s] Level 1:colcon.colcon_core.package_identification:_identify(src/pubsub) by extensions ['colcon_pkg']
[0.279s] Level 1:colcon.colcon_core.package_identification:_identify(src/pubsub) by extension 'colcon_pkg'
[0.279s] Level 1:colcon.colcon_core.package_identification:_identify(src/pubsub) by extensions ['colcon_meta']
[0.279s] Level 1:colcon.colcon_core.package_identification:_identify(src/pubsub) by extension 'colcon_meta'
[0.279s] Level 1:colcon.colcon_core.package_identification:_identify(src/pubsub) by extensions ['ros']
[0.279s] Level 1:colcon.colcon_core.package_identification:_identify(src/pubsub) by extension 'ros'
[0.283s] DEBUG:colcon.colcon_core.package_identification:Package 'src/pubsub' with type 'ros.ament_cmake' and name 'pubsub'
[0.283s] Level 1:colcon.colcon_core.package_identification:_identify(src/pubsub_py) by extensions ['ignore', 'ignore_ament_install']
[0.283s] Level 1:colcon.colcon_core.package_identification:_identify(src/pubsub_py) by extension 'ignore'
[0.283s] Level 1:colcon.colcon_core.package_identification:_identify(src/pubsub_py) by extension 'ignore_ament_install'
[0.283s] Level 1:colcon.colcon_core.package_identification:_identify(src/pubsub_py) by extensions ['colcon_pkg']
[0.283s] Level 1:colcon.colcon_core.package_identification:_identify(src/pubsub_py) by extension 'colcon_pkg'
[0.283s] Level 1:colcon.colcon_core.package_identification:_identify(src/pubsub_py) by extensions ['colcon_meta']
[0.283s] Level 1:colcon.colcon_core.package_identification:_identify(src/pubsub_py) by extension 'colcon_meta'
[0.283s] Level 1:colcon.colcon_core.package_identification:_identify(src/pubsub_py) by extensions ['ros']
[0.283s] Level 1:colcon.colcon_core.package_identification:_identify(src/pubsub_py) by extension 'ros'
[0.284s] DEBUG:colcon.colcon_core.package_identification:Package 'src/pubsub_py' with type 'ros.ament_python' and name 'pubsub_py'
[0.284s] Level 1:colcon.colcon_core.package_discovery:discover_packages(recursive) using defaults
[0.284s] Level 1:colcon.colcon_core.package_discovery:discover_packages(ignore) discover
[0.284s] Level 1:colcon.colcon_core.package_discovery:discover_packages(ignore) using defaults
[0.284s] Level 1:colcon.colcon_core.package_discovery:discover_packages(path) discover
[0.284s] Level 1:colcon.colcon_core.package_discovery:discover_packages(path) using defaults
[0.311s] Level 5:colcon.colcon_core.verb:set package 'pubsub' build argument 'cmake_args' from command line to 'None'
[0.311s] Level 5:colcon.colcon_core.verb:set package 'pubsub' build argument 'cmake_target' from command line to 'None'
[0.311s] Level 5:colcon.colcon_core.verb:set package 'pubsub' build argument 'cmake_target_skip_unavailable' from command line to 'False'
[0.311s] Level 5:colcon.colcon_core.verb:set package 'pubsub' build argument 'cmake_clean_cache' from command line to 'False'
[0.311s] Level 5:colcon.colcon_core.verb:set package 'pubsub' build argument 'cmake_clean_first' from command line to 'False'
[0.311s] Level 5:colcon.colcon_core.verb:set package 'pubsub' build argument 'cmake_force_configure' from command line to 'False'
[0.311s] Level 5:colcon.colcon_core.verb:set package 'pubsub' build argument 'ament_cmake_args' from command line to 'None'
[0.311s] Level 5:colcon.colcon_core.verb:set package 'pubsub' build argument 'catkin_cmake_args' from command line to 'None'
[0.311s] Level 5:colcon.colcon_core.verb:set package 'pubsub' build argument 'catkin_skip_building_tests' from command line to 'False'
[0.311s] DEBUG:colcon.colcon_core.verb:Building package 'pubsub' with the following arguments: {'ament_cmake_args': None, 'build_base': '/home/cameron/ros2_ws/build/pubsub', 'catkin_cmake_args': None, 'catkin_skip_building_tests': False, 'cmake_args': None, 'cmake_clean_cache': False, 'cmake_clean_first': False, 'cmake_force_configure': False, 'cmake_target': None, 'cmake_target_skip_unavailable': False, 'install_base': '/home/cameron/ros2_ws/install/pubsub', 'merge_install': False, 'path': '/home/cameron/ros2_ws/src/pubsub', 'symlink_install': False, 'test_result_base': None}
[0.312s] Level 5:colcon.colcon_core.verb:set package 'pubsub_py' build argument 'cmake_args' from command line to 'None'
[0.312s] Level 5:colcon.colcon_core.verb:set package 'pubsub_py' build argument 'cmake_target' from command line to 'None'
[0.312s] Level 5:colcon.colcon_core.verb:set package 'pubsub_py' build argument 'cmake_target_skip_unavailable' from command line to 'False'
[0.312s] Level 5:colcon.colcon_core.verb:set package 'pubsub_py' build argument 'cmake_clean_cache' from command line to 'False'
[0.312s] Level 5:colcon.colcon_core.verb:set package 'pubsub_py' build argument 'cmake_clean_first' from command line to 'False'
[0.312s] Level 5:colcon.colcon_core.verb:set package 'pubsub_py' build argument 'cmake_force_configure' from command line to 'False'
[0.312s] Level 5:colcon.colcon_core.verb:set package 'pubsub_py' build argument 'ament_cmake_args' from command line to 'None'
[0.312s] Level 5:colcon.colcon_core.verb:set package 'pubsub_py' build argument 'catkin_cmake_args' from command line to 'None'
[0.312s] Level 5:colcon.colcon_core.verb:set package 'pubsub_py' build argument 'catkin_skip_building_tests' from command line to 'False'
[0.312s] DEBUG:colcon.colcon_core.verb:Building package 'pubsub_py' with the following arguments: {'ament_cmake_args': None, 'build_base': '/home/cameron/ros2_ws/build/pubsub_py', 'catkin_cmake_args': None, 'catkin_skip_building_tests': False, 'cmake_args': None, 'cmake_clean_cache': False, 'cmake_clean_first': False, 'cmake_force_configure': False, 'cmake_target': None, 'cmake_target_skip_unavailable': False, 'install_base': '/home/cameron/ros2_ws/install/pubsub_py', 'merge_install': False, 'path': '/home/cameron/ros2_ws/src/pubsub_py', 'symlink_install': False, 'test_result_base': None}
[0.312s] INFO:colcon.colcon_core.executor:Executing jobs using 'parallel' executor
[0.314s] DEBUG:colcon.colcon_parallel_executor.executor.parallel:run_until_complete
[0.314s] INFO:colcon.colcon_ros.task.ament_cmake.build:Building ROS package in '/home/cameron/ros2_ws/src/pubsub' with build type 'ament_cmake'
[0.314s] INFO:colcon.colcon_cmake.task.cmake.build:Building CMake package in '/home/cameron/ros2_ws/src/pubsub'
[0.318s] INFO:colcon.colcon_core.plugin_system:Skipping extension 'colcon_core.shell.bat': Not used on non-Windows systems
[0.318s] DEBUG:colcon.colcon_core.shell:Skip shell extension 'dsv' for command environment
[0.320s] WARNING:colcon.colcon_ros.prefix_path.ament:The path '/home/cameron/ros2_ws/install/my_py_pubsub' in the environment variable AMENT_PREFIX_PATH doesn't exist
[0.330s] INFO:colcon.colcon_ros.task.ament_python.build:Building ROS package in '/home/cameron/ros2_ws/src/pubsub_py' with build type 'ament_python'
[0.330s] Level 1:colcon.colcon_core.shell:create_environment_hook('pubsub_py', 'ament_prefix_path')
[0.330s] INFO:colcon.colcon_core.shell:Creating environment descriptor '/home/cameron/ros2_ws/install/pubsub_py/share/pubsub_py/hook/ament_prefix_path.dsv'
[0.332s] INFO:colcon.colcon_core.shell:Creating environment hook '/home/cameron/ros2_ws/install/pubsub_py/share/pubsub_py/hook/ament_prefix_path.sh'
[0.334s] DEBUG:colcon.colcon_core.shell:Skip shell extension 'dsv' for command environment
[0.353s] DEBUG:colcon.colcon_core.event_handler.log_command:Invoking command in '/home/cameron/ros2_ws/build/pubsub': CMAKE_PREFIX_PATH=${CMAKE_PREFIX_PATH}:/home/cameron/ros2_ws/install/pubsub_py:/home/cameron/ros2_ws/install/my_py_pubsub:/opt/ros/jazzy /usr/bin/cmake /home/cameron/ros2_ws/src/pubsub -DCMAKE_INSTALL_PREFIX=/home/cameron/ros2_ws/install/pubsub
[0.967s] INFO:colcon.colcon_core.task.python.build:Building Python package in '/home/cameron/ros2_ws/src/pubsub_py'
[0.968s] DEBUG:colcon.colcon_core.shell:Skip shell extension 'dsv' for command environment
[1.849s] DEBUG:colcon.colcon_core.event_handler.log_command:Invoked command in '/home/cameron/ros2_ws/build/pubsub' returned '0': CMAKE_PREFIX_PATH=${CMAKE_PREFIX_PATH}:/home/cameron/ros2_ws/install/pubsub_py:/home/cameron/ros2_ws/install/my_py_pubsub:/opt/ros/jazzy /usr/bin/cmake /home/cameron/ros2_ws/src/pubsub -DCMAKE_INSTALL_PREFIX=/home/cameron/ros2_ws/install/pubsub
[1.852s] DEBUG:colcon.colcon_core.event_handler.log_command:Invoking command in '/home/cameron/ros2_ws/build/pubsub': CMAKE_PREFIX_PATH=${CMAKE_PREFIX_PATH}:/home/cameron/ros2_ws/install/pubsub_py:/home/cameron/ros2_ws/install/my_py_pubsub:/opt/ros/jazzy /usr/bin/cmake --build /home/cameron/ros2_ws/build/pubsub -- -j4 -l4
[2.745s] DEBUG:colcon.colcon_core.event_handler.log_command:Invoking command in '/home/cameron/ros2_ws/src/pubsub_py': PYTHONPATH=/home/cameron/ros2_ws/build/pubsub_py/prefix_override:/usr/lib/python3/dist-packages/colcon_core/task/python/colcon_distutils_commands:/home/cameron/ros2_ws/install/pubsub_py/lib/python3.12/site-packages:${PYTHONPATH} /usr/bin/python3 -W ignore:setup.py install is deprecated -W ignore:easy_install command is deprecated setup.py egg_info --egg-base ../../build/pubsub_py build --build-base /home/cameron/ros2_ws/build/pubsub_py/build install --record /home/cameron/ros2_ws/build/pubsub_py/install.log --single-version-externally-managed install_data
[4.428s] DEBUG:colcon.colcon_core.event_handler.log_command:Invoked command in '/home/cameron/ros2_ws/src/pubsub_py' returned '0': PYTHONPATH=/home/cameron/ros2_ws/build/pubsub_py/prefix_override:/usr/lib/python3/dist-packages/colcon_core/task/python/colcon_distutils_commands:/home/cameron/ros2_ws/install/pubsub_py/lib/python3.12/site-packages:${PYTHONPATH} /usr/bin/python3 -W ignore:setup.py install is deprecated -W ignore:easy_install command is deprecated setup.py egg_info --egg-base ../../build/pubsub_py build --build-base /home/cameron/ros2_ws/build/pubsub_py/build install --record /home/cameron/ros2_ws/build/pubsub_py/install.log --single-version-externally-managed install_data
[4.434s] Level 1:colcon.colcon_core.environment:checking '/home/cameron/ros2_ws/install/pubsub_py' for CMake module files
[4.435s] Level 1:colcon.colcon_core.environment:checking '/home/cameron/ros2_ws/install/pubsub_py' for CMake config files
[4.437s] Level 1:colcon.colcon_core.environment:checking '/home/cameron/ros2_ws/install/pubsub_py/lib'
[4.438s] Level 1:colcon.colcon_core.environment:checking '/home/cameron/ros2_ws/install/pubsub_py/bin'
[4.438s] Level 1:colcon.colcon_core.environment:checking '/home/cameron/ros2_ws/install/pubsub_py/lib/pkgconfig/pubsub_py.pc'
[4.439s] Level 1:colcon.colcon_core.environment:checking '/home/cameron/ros2_ws/install/pubsub_py/lib/python3.12/site-packages'
[4.439s] Level 1:colcon.colcon_core.shell:create_environment_hook('pubsub_py', 'pythonpath')
[4.440s] INFO:colcon.colcon_core.shell:Creating environment descriptor '/home/cameron/ros2_ws/install/pubsub_py/share/pubsub_py/hook/pythonpath.dsv'
[4.441s] INFO:colcon.colcon_core.shell:Creating environment hook '/home/cameron/ros2_ws/install/pubsub_py/share/pubsub_py/hook/pythonpath.sh'
[4.442s] Level 1:colcon.colcon_core.environment:checking '/home/cameron/ros2_ws/install/pubsub_py/bin'
[4.442s] Level 1:colcon.colcon_core.environment:create_environment_scripts_only(pubsub_py)
[4.443s] INFO:colcon.colcon_core.shell:Creating package descriptor '/home/cameron/ros2_ws/install/pubsub_py/share/pubsub_py/package.dsv'
[4.444s] INFO:colcon.colcon_core.shell:Creating package script '/home/cameron/ros2_ws/install/pubsub_py/share/pubsub_py/package.sh'
[4.446s] INFO:colcon.colcon_core.shell:Creating package script '/home/cameron/ros2_ws/install/pubsub_py/share/pubsub_py/package.bash'
[4.448s] INFO:colcon.colcon_core.shell:Creating package script '/home/cameron/ros2_ws/install/pubsub_py/share/pubsub_py/package.zsh'
[4.449s] Level 1:colcon.colcon_core.environment:create_file_with_runtime_dependencies(/home/cameron/ros2_ws/install/pubsub_py/share/colcon-core/packages/pubsub_py)
[10.649s] DEBUG:colcon.colcon_core.event_handler.log_command:Invoked command in '/home/cameron/ros2_ws/build/pubsub' returned '0': CMAKE_PREFIX_PATH=${CMAKE_PREFIX_PATH}:/home/cameron/ros2_ws/install/pubsub_py:/home/cameron/ros2_ws/install/my_py_pubsub:/opt/ros/jazzy /usr/bin/cmake --build /home/cameron/ros2_ws/build/pubsub -- -j4 -l4
[10.669s] DEBUG:colcon.colcon_core.event_handler.log_command:Invoking command in '/home/cameron/ros2_ws/build/pubsub': CMAKE_PREFIX_PATH=${CMAKE_PREFIX_PATH}:/home/cameron/ros2_ws/install/pubsub_py:/home/cameron/ros2_ws/install/my_py_pubsub:/opt/ros/jazzy /usr/bin/cmake --install /home/cameron/ros2_ws/build/pubsub
[10.696s] Level 1:colcon.colcon_core.environment:create_environment_scripts_only(pubsub)
[10.697s] Level 1:colcon.colcon_core.environment:checking '/home/cameron/ros2_ws/install/pubsub' for CMake module files
[10.697s] DEBUG:colcon.colcon_core.event_handler.log_command:Invoked command in '/home/cameron/ros2_ws/build/pubsub' returned '0': CMAKE_PREFIX_PATH=${CMAKE_PREFIX_PATH}:/home/cameron/ros2_ws/install/pubsub_py:/home/cameron/ros2_ws/install/my_py_pubsub:/opt/ros/jazzy /usr/bin/cmake --install /home/cameron/ros2_ws/build/pubsub
[10.698s] Level 1:colcon.colcon_core.environment:checking '/home/cameron/ros2_ws/install/pubsub' for CMake config files
[10.699s] Level 1:colcon.colcon_core.shell:create_environment_hook('pubsub', 'cmake_prefix_path')
[10.699s] INFO:colcon.colcon_core.shell:Creating environment descriptor '/home/cameron/ros2_ws/install/pubsub/share/pubsub/hook/cmake_prefix_path.dsv'
[10.700s] INFO:colcon.colcon_core.shell:Creating environment hook '/home/cameron/ros2_ws/install/pubsub/share/pubsub/hook/cmake_prefix_path.sh'
[10.701s] Level 1:colcon.colcon_core.environment:checking '/home/cameron/ros2_ws/install/pubsub/lib'
[10.701s] Level 1:colcon.colcon_core.environment:checking '/home/cameron/ros2_ws/install/pubsub/bin'
[10.701s] Level 1:colcon.colcon_core.environment:checking '/home/cameron/ros2_ws/install/pubsub/lib/pkgconfig/pubsub.pc'
[10.702s] Level 1:colcon.colcon_core.environment:checking '/home/cameron/ros2_ws/install/pubsub/lib/python3.12/site-packages'
[10.702s] Level 1:colcon.colcon_core.environment:checking '/home/cameron/ros2_ws/install/pubsub/bin'
[10.703s] INFO:colcon.colcon_core.shell:Creating package descriptor '/home/cameron/ros2_ws/install/pubsub/share/pubsub/package.dsv'
[10.703s] INFO:colcon.colcon_core.shell:Creating package script '/home/cameron/ros2_ws/install/pubsub/share/pubsub/package.sh'
[10.704s] INFO:colcon.colcon_core.shell:Creating package script '/home/cameron/ros2_ws/install/pubsub/share/pubsub/package.bash'
[10.704s] INFO:colcon.colcon_core.shell:Creating package script '/home/cameron/ros2_ws/install/pubsub/share/pubsub/package.zsh'
[10.705s] Level 1:colcon.colcon_core.environment:create_file_with_runtime_dependencies(/home/cameron/ros2_ws/install/pubsub/share/colcon-core/packages/pubsub)
[10.706s] Level 1:colcon.colcon_core.environment:create_environment_scripts_only(pubsub)
[10.706s] Level 1:colcon.colcon_core.environment:checking '/home/cameron/ros2_ws/install/pubsub' for CMake module files
[10.707s] Level 1:colcon.colcon_core.environment:checking '/home/cameron/ros2_ws/install/pubsub' for CMake config files
[10.707s] Level 1:colcon.colcon_core.shell:create_environment_hook('pubsub', 'cmake_prefix_path')
[10.708s] INFO:colcon.colcon_core.shell:Creating environment descriptor '/home/cameron/ros2_ws/install/pubsub/share/pubsub/hook/cmake_prefix_path.dsv'
[10.708s] INFO:colcon.colcon_core.shell:Creating environment hook '/home/cameron/ros2_ws/install/pubsub/share/pubsub/hook/cmake_prefix_path.sh'
[10.709s] Level 1:colcon.colcon_core.environment:checking '/home/cameron/ros2_ws/install/pubsub/lib'
[10.709s] Level 1:colcon.colcon_core.environment:checking '/home/cameron/ros2_ws/install/pubsub/bin'
[10.709s] Level 1:colcon.colcon_core.environment:checking '/home/cameron/ros2_ws/install/pubsub/lib/pkgconfig/pubsub.pc'
[10.710s] Level 1:colcon.colcon_core.environment:checking '/home/cameron/ros2_ws/install/pubsub/lib/python3.12/site-packages'
[10.710s] Level 1:colcon.colcon_core.environment:checking '/home/cameron/ros2_ws/install/pubsub/bin'
[10.710s] INFO:colcon.colcon_core.shell:Creating package descriptor '/home/cameron/ros2_ws/install/pubsub/share/pubsub/package.dsv'
[10.711s] INFO:colcon.colcon_core.shell:Creating package script '/home/cameron/ros2_ws/install/pubsub/share/pubsub/package.sh'
[10.712s] INFO:colcon.colcon_core.shell:Creating package script '/home/cameron/ros2_ws/install/pubsub/share/pubsub/package.bash'
[10.712s] INFO:colcon.colcon_core.shell:Creating package script '/home/cameron/ros2_ws/install/pubsub/share/pubsub/package.zsh'
[10.713s] Level 1:colcon.colcon_core.environment:create_file_with_runtime_dependencies(/home/cameron/ros2_ws/install/pubsub/share/colcon-core/packages/pubsub)
[10.713s] DEBUG:colcon.colcon_parallel_executor.executor.parallel:closing loop
[10.714s] DEBUG:colcon.colcon_parallel_executor.executor.parallel:loop closed
[10.714s] DEBUG:colcon.colcon_parallel_executor.executor.parallel:run_until_complete finished with '0'
[10.714s] DEBUG:colcon.colcon_core.event_reactor:joining thread
[10.730s] INFO:colcon.colcon_core.plugin_system:Skipping extension 'colcon_notification.desktop_notification.terminal_notifier': Not used on non-Darwin systems
[10.730s] INFO:colcon.colcon_core.plugin_system:Skipping extension 'colcon_notification.desktop_notification.win32': Not used on non-Windows systems
[10.730s] INFO:colcon.colcon_notification.desktop_notification:Sending desktop notification using 'notify2'
[10.740s] DEBUG:colcon.colcon_core.event_reactor:joined thread
[10.741s] INFO:colcon.colcon_core.shell:Creating prefix script '/home/cameron/ros2_ws/install/local_setup.sh'
[10.743s] INFO:colcon.colcon_core.shell:Creating prefix util module '/home/cameron/ros2_ws/install/_local_setup_util_sh.py'
[10.745s] INFO:colcon.colcon_core.shell:Creating prefix chain script '/home/cameron/ros2_ws/install/setup.sh'
[10.748s] INFO:colcon.colcon_core.shell:Creating prefix script '/home/cameron/ros2_ws/install/local_setup.bash'
[10.749s] INFO:colcon.colcon_core.shell:Creating prefix chain script '/home/cameron/ros2_ws/install/setup.bash'
[10.751s] INFO:colcon.colcon_core.shell:Creating prefix script '/home/cameron/ros2_ws/install/local_setup.zsh'
[10.752s] INFO:colcon.colcon_core.shell:Creating prefix chain script '/home/cameron/ros2_ws/install/setup.zsh'
