[100%] Built target pubnode
[100%] Built target subnode
-- Install configuration: ""
-- Up-to-date: /home/cameron/ros2_ws/install/pubsub/share/pubsub//launch
-- Up-to-date: /home/cameron/ros2_ws/install/pubsub/share/pubsub//launch/talk_listen.launch.py
-- Up-to-date: /home/cameron/ros2_ws/install/pubsub/lib/pubsub/pubnode
-- Up-to-date: /home/cameron/ros2_ws/install/pubsub/lib/pubsub/subnode
-- Up-to-date: /home/cameron/ros2_ws/install/pubsub/share/ament_index/resource_index/package_run_dependencies/pubsub
-- Up-to-date: /home/cameron/ros2_ws/install/pubsub/share/ament_index/resource_index/parent_prefix_path/pubsub
-- Up-to-date: /home/cameron/ros2_ws/install/pubsub/share/pubsub/environment/ament_prefix_path.sh
-- Up-to-date: /home/cameron/ros2_ws/install/pubsub/share/pubsub/environment/ament_prefix_path.dsv
-- Up-to-date: /home/cameron/ros2_ws/install/pubsub/share/pubsub/environment/path.sh
-- Up-to-date: /home/cameron/ros2_ws/install/pubsub/share/pubsub/environment/path.dsv
-- Up-to-date: /home/cameron/ros2_ws/install/pubsub/share/pubsub/local_setup.bash
-- Up-to-date: /home/cameron/ros2_ws/install/pubsub/share/pubsub/local_setup.sh
-- Up-to-date: /home/cameron/ros2_ws/install/pubsub/share/pubsub/local_setup.zsh
-- Up-to-date: /home/cameron/ros2_ws/install/pubsub/share/pubsub/local_setup.dsv
-- Installing: /home/cameron/ros2_ws/install/pubsub/share/pubsub/package.dsv
-- Up-to-date: /home/cameron/ros2_ws/install/pubsub/share/ament_index/resource_index/packages/pubsub
-- Up-to-date: /home/cameron/ros2_ws/install/pubsub/share/pubsub/cmake/pubsubConfig.cmake
-- Up-to-date: /home/cameron/ros2_ws/install/pubsub/share/pubsub/cmake/pubsubConfig-version.cmake
-- Up-to-date: /home/cameron/ros2_ws/install/pubsub/share/pubsub/package.xml
