[0.021s] Invoking command in '/home/cameron/ros2_ws/build/pubsub': CMAKE_PREFIX_PATH=${CMAKE_PREFIX_PATH}:/home/cameron/ros2_ws/install/pubsub_py:/opt/ros/jazzy /usr/bin/cmake --build /home/cameron/ros2_ws/build/pubsub -- -j4 -l4
[0.141s] [100%] Built target pubnode
[0.141s] [100%] Built target subnode
[0.165s] Invoked command in '/home/cameron/ros2_ws/build/pubsub' returned '0': CMAKE_PREFIX_PATH=${CMAKE_PREFIX_PATH}:/home/cameron/ros2_ws/install/pubsub_py:/opt/ros/jazzy /usr/bin/cmake --build /home/cameron/ros2_ws/build/pubsub -- -j4 -l4
[0.184s] Invoking command in '/home/cameron/ros2_ws/build/pubsub': CMAKE_PREFIX_PATH=${CMAKE_PREFIX_PATH}:/home/cameron/ros2_ws/install/pubsub_py:/opt/ros/jazzy /usr/bin/cmake --install /home/cameron/ros2_ws/build/pubsub
[0.200s] -- Install configuration: ""
[0.201s] -- Up-to-date: /home/cameron/ros2_ws/install/pubsub/share/pubsub//launch
[0.201s] -- Up-to-date: /home/cameron/ros2_ws/install/pubsub/share/pubsub//launch/talk_listen.launch.py
[0.201s] -- Up-to-date: /home/cameron/ros2_ws/install/pubsub/lib/pubsub/pubnode
[0.201s] -- Up-to-date: /home/cameron/ros2_ws/install/pubsub/lib/pubsub/subnode
[0.202s] -- Up-to-date: /home/cameron/ros2_ws/install/pubsub/share/ament_index/resource_index/package_run_dependencies/pubsub
[0.202s] -- Up-to-date: /home/cameron/ros2_ws/install/pubsub/share/ament_index/resource_index/parent_prefix_path/pubsub
[0.202s] -- Up-to-date: /home/cameron/ros2_ws/install/pubsub/share/pubsub/environment/ament_prefix_path.sh
[0.202s] -- Up-to-date: /home/cameron/ros2_ws/install/pubsub/share/pubsub/environment/ament_prefix_path.dsv
[0.202s] -- Up-to-date: /home/cameron/ros2_ws/install/pubsub/share/pubsub/environment/path.sh
[0.202s] -- Up-to-date: /home/cameron/ros2_ws/install/pubsub/share/pubsub/environment/path.dsv
[0.203s] -- Up-to-date: /home/cameron/ros2_ws/install/pubsub/share/pubsub/local_setup.bash
[0.203s] -- Up-to-date: /home/cameron/ros2_ws/install/pubsub/share/pubsub/local_setup.sh
[0.203s] -- Up-to-date: /home/cameron/ros2_ws/install/pubsub/share/pubsub/local_setup.zsh
[0.203s] -- Up-to-date: /home/cameron/ros2_ws/install/pubsub/share/pubsub/local_setup.dsv
[0.203s] -- Installing: /home/cameron/ros2_ws/install/pubsub/share/pubsub/package.dsv
[0.204s] -- Up-to-date: /home/cameron/ros2_ws/install/pubsub/share/ament_index/resource_index/packages/pubsub
[0.204s] -- Up-to-date: /home/cameron/ros2_ws/install/pubsub/share/pubsub/cmake/pubsubConfig.cmake
[0.204s] -- Up-to-date: /home/cameron/ros2_ws/install/pubsub/share/pubsub/cmake/pubsubConfig-version.cmake
[0.204s] -- Up-to-date: /home/cameron/ros2_ws/install/pubsub/share/pubsub/package.xml
[0.207s] Invoked command in '/home/cameron/ros2_ws/build/pubsub' returned '0': CMAKE_PREFIX_PATH=${CMAKE_PREFIX_PATH}:/home/cameron/ros2_ws/install/pubsub_py:/opt/ros/jazzy /usr/bin/cmake --install /home/cameron/ros2_ws/build/pubsub
